[2025-02-11 오후 5:15:31] [Debug] [Application] service: Tripolygon.UModeler.Hub.HubAuthentication = Tripolygon.UModeler.Hub.HubAuthentication
[2025-02-11 오후 5:15:31] [Debug] [Application] service: Tripolygon.UModeler.UI.IApplicationCache = Tripolygon.UModeler.Editor.UI.UnityEditorApplicationCache
[2025-02-11 오후 5:15:31] [Debug] [Application] service: Tripolygon.UModeler.Hub.IHubService = Tripolygon.UModeler.Hub.HubService
[2025-02-11 오후 5:15:31] [Debug] [Application] service: Tripolygon.UModeler.Authentication.IAuthenticationApiProvider = Tripolygon.UModeler.Editor.AuthenticationApiProviderService
[2025-02-11 오후 5:15:31] [Debug] [Application] service: Tripolygon.UModeler.UI.ITextureProvider = Tripolygon.UModeler.Editor.UI.UnityEditorTextureProvider
[2025-02-11 오후 5:15:31] [Debug] [Application] service: Tripolygon.UModeler.UI.IObjectHierarchyService = Tripolygon.UModeler.Editor.UI.UnityEditorObjectHierarchyService
[2025-02-11 오후 5:15:31] [Debug] [Application] service: Tripolygon.UModeler.UI.IApplicationUtilityService = Tripolygon.UModeler.Editor.UI.UnityEditorApplicationUtilityService
[2025-02-11 오후 5:15:31] [Debug] [Application] service: Tripolygon.UModeler.Editor.UI.ApplicationSettings = Tripolygon.UModeler.Editor.UI.ApplicationSettings
[2025-02-11 오후 5:15:31] [Debug] [Application] service: Tripolygon.UModeler.Hub.Resources.IResourcesApiProvider = Tripolygon.UModeler.Hub.ResourcesApiProviderService
[2025-02-11 오후 5:15:31] [Debug] [Application] service: Tripolygon.UModeler.Hub.HubFlashService = Tripolygon.UModeler.Hub.HubFlashService
[2025-02-11 오후 5:15:31] [Debug] [Application] service: Tripolygon.UModeler.Hub.IHubAnalyticsService = Tripolygon.UModeler.Hub.HubAnalyticsService
[2025-02-11 오후 5:15:31] [Debug] [Application] service: Tripolygon.UModeler.Hub.VSAttributionService = Tripolygon.UModeler.Hub.VSAttributionService
[2025-02-11 오후 5:15:31] [Debug] [Application] service: Tripolygon.UModeler.Hub.Notifications.UpdateHubNotifier = Tripolygon.UModeler.Hub.Notifications.UpdateHubNotifier
[2025-02-11 오후 5:15:31] [Debug] [Application] service: Tripolygon.UModeler.Hub.Notifications.UpdateProductNotifier = Tripolygon.UModeler.Hub.Notifications.UpdateProductNotifier
[2025-02-11 오후 5:15:31] [Debug] [Application] service: Tripolygon.UModeler.Hub.INoticeService = Tripolygon.UModeler.Hub.Noticies.NoticeService
[2025-02-11 오후 5:15:31] [Debug] [Application] service: Tripolygon.UModeler.Hub.Views.SceneViews.HubSceneViewService = Tripolygon.UModeler.Hub.Views.SceneViews.HubSceneViewService
[2025-02-11 오후 5:15:42] [Debug] [Application] Initialize: isReloading=False
[2025-02-11 오후 5:15:42] [Information] [Authentication] Request TraceId=5cccdacfac17481aa049f6a78e6c1ebf, Uri=https://api.umodeler.com/identity/api/v1/auth/verify
[2025-02-11 오후 5:15:42] [Debug] [Application] Service Initialize: Tripolygon.UModeler.Hub.HubAuthentication
[2025-02-11 오후 5:15:42] [Debug] [Application] Service Initialize: Tripolygon.UModeler.Editor.UI.UnityEditorApplicationCache
[2025-02-11 오후 5:15:42] [Debug] [Application] Service Initialize: Tripolygon.UModeler.Hub.HubService
[2025-02-11 오후 5:15:42] [Debug] [Application] Service Initialize: Tripolygon.UModeler.Editor.UI.UnityEditorApplicationUtilityService
[2025-02-11 오후 5:15:42] [Debug] [Application] Service Initialize: Tripolygon.UModeler.Hub.HubFlashService
[2025-02-11 오후 5:15:42] [Debug] [HubAnalytics] PosthogClient.SetAutoFlush: Value Changed: True
[2025-02-11 오후 5:15:42] [Debug] [Application] Service Initialize: Tripolygon.UModeler.Hub.HubAnalyticsService
[2025-02-11 오후 5:15:42] [Debug] [Application] Service Initialize: Tripolygon.UModeler.Hub.VSAttributionService
[2025-02-11 오후 5:15:42] [Debug] [Application] Service Initialize: Tripolygon.UModeler.Hub.Notifications.UpdateHubNotifier
[2025-02-11 오후 5:15:42] [Debug] [Application] Service Initialize: Tripolygon.UModeler.Hub.Notifications.UpdateProductNotifier
[2025-02-11 오후 5:15:42] [Debug] [Application] Service Initialize: Tripolygon.UModeler.Hub.Noticies.NoticeService
[2025-02-11 오후 5:15:42] [Debug] [Application] Service Initialize: Tripolygon.UModeler.Hub.Views.SceneViews.HubSceneViewService
[2025-02-11 오후 5:16:14] [Debug] [HubAnalytics] OnAppStart
[2025-02-11 오후 5:16:14] [Debug] [Authentication] SignedIn
[2025-02-11 오후 5:16:14] [Information] [Authentication] Request TraceId=56ff981f602d4c068909b708a5765afd, Uri=https://api.umodeler.com/resources/api/v1/packages/UModelerHub/version?branch=main
[2025-02-11 오후 5:16:14] [Debug] [HubAnalytics] OnSignIn
[2025-02-11 오후 5:16:15] [Information] [Authentication] Request TraceId=5300018a9336435abcd1abab6e8d4386, Uri=https://api.umodeler.com/resources/api/v1/packages/UModelerX/version?branch=basic
[2025-02-11 오후 5:16:16] [Information] [Authentication] Request TraceId=668e2e1b440b4c95af64aeccdd8f0be7, Uri=https://api.umodeler.com/resources/api/v1/packages/UModelerX/version?branch=plus
[2025-02-11 오후 5:16:16] [Information] [Authentication] Request TraceId=32603fcf1ee541bb9e18c1d1dc6054b8, Uri=https://api.umodeler.com/identity/api/v1/hub/info
[2025-02-11 오후 5:16:17] [Information] [Authentication] Request TraceId=318d0c86d8b44b07b6817fa79c480e33, Uri=https://api.umodeler.com/resources/api/v1/resources/user-resources?c=ko&current=1&pageSize=20
[2025-02-11 오후 5:16:19] [Warning] Please rename Method 'Tripolygon.UModeler.Hub.Notification.OnPropertyValidate' to 'OnMessagePropertyValidate'.
[2025-02-11 오후 5:16:19] [Warning] Please rename Method 'Tripolygon.UModeler.Hub.Notification.OnPropertyValidate' to 'OnIDPropertyValidate'.
[2025-02-11 오후 5:16:19] [Warning] Please rename Method 'Tripolygon.UModeler.Hub.Notification.OnPropertyValidate' to 'OnTagPropertyValidate'.
[2025-02-11 오후 5:16:19] [Warning] Please rename Method 'Tripolygon.UModeler.Hub.Notification.OnPropertyValidate' to 'OnIsDisplayableAgainPropertyValidate'.
[2025-02-11 오후 5:16:22] [Debug] [HubAnalytics] PosthogClient.BatchAsync: Sending Queue Items={"api_key":"phc_DQ6tsN03HRXTr9hNBfi3DierOY5Y0SisUxgxjuAmZG5","batch":[{"event":"app start","properties":{"$set":{"sdk_region_id":"ko-KR","sdk_region_name":"South Korea","sdk_language":"Korean","sdk_os_architecture":"X64","sdk_time_zone":"Korea Standard Time","product_version":"1.0.1","platform_account_id":"anonymous","platform_account_name":"CRka+7DfISxrNo3j2cm0dl+feX4XCwYxrVCgK8GqSIvW9qfKv9WUwicpeysnrnRo+hTXRRZiKrjVURrfKSQGog3b+qBIoDf9HJ4Fnn+FEj00PSdwXlDBoBJXMVpQrBdgQFFHV75tskSbG5twOeqXQ8hOXwwX28C++GKos14OwWitCLzRJo8ys+yhRFbRa+eFPfVj9BeQuTt2SdTdxD4nZRRjRTxiIpvQdfJXiPi/4Bek8cD/YTyOdPT2q0ucsvMeE1HVY9ldXxdwDMsUXlRlVj0VV+4bMeCC64vToAsnGZIxCc6+9PS/P4ijYwtzPP8gkr97V2kZTcZfjVyVDT94BA=="},"$os":"WINDOWS","$os_name":"WINDOWS","$session_id":"11fa44d4-cbbc-4878-a6b6-ac5bfc112035_833f2212-6d08-49db-b95e-04148ec9f412","distinct_id":"3233827edcb867f6b4b10f2975c364aa3e4bef21","product_name":"UModeler Hub","product_version":"1.0.1","platform_name":"Unity","platform_version":"6000.0.24f1","screen_width":1920,"screen_height":1080,"viewport_width":1490,"viewport_height":333,"unity_systeminfo_language":"Korean","unity_systeminfo_os":"Windows 10  (10.0.19045) 64bit","unity_systeminfo_graphicsDeviceType":"Direct3D11","unity_systeminfo_graphicsDeviceVendor":"Intel","unity_systeminfo_graphicsDeviceName":"Intel(R) HD Graphics 620","unity_systeminfo_deviceType":"Desktop","unity_systeminfo_processorType":"Intel(R) Core(TM) i3-7100U CPU @ 2.40GHz"},"timestamp":"2025-02-11T08:16:14.2708197Z"},{"event":"signin","properties":{"$set":{"sdk_region_id":"ko-KR","sdk_region_name":"South Korea","sdk_language":"Korean","sdk_os_architecture":"X64","sdk_time_zone":"Korea Standard Time","product_version":"1.0.1","product_user_email":"a01092099573@gmail.com"},"$os":"WINDOWS","$os_name":"WINDOWS","$session_id":"11fa44d4-cbbc-4878-a6b6-ac5bfc112035_833f2212-6d08-49db-b95e-04148ec9f412","distinct_id":"a01092099573@gmail.com","product_name":"UModeler Hub","product_version":"1.0.1","platform_name":"Unity","platform_version":"6000.0.24f1","screen_width":1920,"screen_height":1080,"viewport_width":1490,"viewport_height":333,"unity_systeminfo_language":"Korean","unity_systeminfo_os":"Windows 10  (10.0.19045) 64bit","unity_systeminfo_graphicsDeviceType":"Direct3D11","unity_systeminfo_graphicsDeviceVendor":"Intel","unity_systeminfo_graphicsDeviceName":"Intel(R) HD Graphics 620","unity_systeminfo_deviceType":"Desktop","unity_systeminfo_processorType":"Intel(R) Core(TM) i3-7100U CPU @ 2.40GHz"},"timestamp":"2025-02-11T08:16:14.5199879Z"},{"event":"$identify","properties":{"$set":{"sdk_region_id":"ko-KR","sdk_region_name":"South Korea","sdk_language":"Korean","sdk_os_architecture":"X64","sdk_time_zone":"Korea Standard Time","product_version":"1.0.1"},"$os":"WINDOWS","$os_name":"WINDOWS","$session_id":"11fa44d4-cbbc-4878-a6b6-ac5bfc112035_833f2212-6d08-49db-b95e-04148ec9f412","distinct_id":"a01092099573@gmail.com","product_name":"UModeler Hub","product_version":"1.0.1","platform_name":"Unity","platform_version":"6000.0.24f1","screen_width":1920,"screen_height":1080,"viewport_width":1490,"viewport_height":333,"unity_systeminfo_language":"Korean","unity_systeminfo_os":"Windows 10  (10.0.19045) 64bit","unity_systeminfo_graphicsDeviceType":"Direct3D11","unity_systeminfo_graphicsDeviceVendor":"Intel","unity_systeminfo_graphicsDeviceName":"Intel(R) HD Graphics 620","unity_systeminfo_deviceType":"Desktop","unity_systeminfo_processorType":"Intel(R) Core(TM) i3-7100U CPU @ 2.40GHz"},"timestamp":"2025-02-11T08:16:14.5199879Z"}]}
[2025-02-11 오후 5:16:23] [Debug] [HubAnalytics] PosthogClient.BatchAsync: Sent 3 queue item(s).
[2025-02-11 오후 5:37:47] [Debug] [Application] service: Tripolygon.UModeler.Hub.HubAuthentication = Tripolygon.UModeler.Hub.HubAuthentication
[2025-02-11 오후 5:37:47] [Debug] [Application] service: Tripolygon.UModeler.UI.IApplicationCache = Tripolygon.UModeler.Editor.UI.UnityEditorApplicationCache
[2025-02-11 오후 5:37:47] [Debug] [Application] service: Tripolygon.UModeler.Hub.IHubService = Tripolygon.UModeler.Hub.HubService
[2025-02-11 오후 5:37:47] [Debug] [Application] service: Tripolygon.UModeler.Authentication.IAuthenticationApiProvider = Tripolygon.UModeler.Editor.AuthenticationApiProviderService
[2025-02-11 오후 5:37:47] [Debug] [Application] service: Tripolygon.UModeler.UI.ITextureProvider = Tripolygon.UModeler.Editor.UI.UnityEditorTextureProvider
[2025-02-11 오후 5:37:47] [Debug] [Application] service: Tripolygon.UModeler.UI.IObjectHierarchyService = Tripolygon.UModeler.Editor.UI.UnityEditorObjectHierarchyService
[2025-02-11 오후 5:37:47] [Debug] [Application] service: Tripolygon.UModeler.UI.IApplicationUtilityService = Tripolygon.UModeler.Editor.UI.UnityEditorApplicationUtilityService
[2025-02-11 오후 5:37:47] [Debug] [Application] service: Tripolygon.UModeler.Editor.UI.ApplicationSettings = Tripolygon.UModeler.Editor.UI.ApplicationSettings
[2025-02-11 오후 5:37:47] [Debug] [Application] service: Tripolygon.UModeler.Hub.Resources.IResourcesApiProvider = Tripolygon.UModeler.Hub.ResourcesApiProviderService
[2025-02-11 오후 5:37:47] [Debug] [Application] service: Tripolygon.UModeler.Hub.HubFlashService = Tripolygon.UModeler.Hub.HubFlashService
[2025-02-11 오후 5:37:47] [Debug] [Application] service: Tripolygon.UModeler.Hub.IHubAnalyticsService = Tripolygon.UModeler.Hub.HubAnalyticsService
[2025-02-11 오후 5:37:47] [Debug] [Application] service: Tripolygon.UModeler.Hub.VSAttributionService = Tripolygon.UModeler.Hub.VSAttributionService
[2025-02-11 오후 5:37:47] [Debug] [Application] service: Tripolygon.UModeler.Hub.Notifications.UpdateHubNotifier = Tripolygon.UModeler.Hub.Notifications.UpdateHubNotifier
[2025-02-11 오후 5:37:47] [Debug] [Application] service: Tripolygon.UModeler.Hub.Notifications.UpdateProductNotifier = Tripolygon.UModeler.Hub.Notifications.UpdateProductNotifier
[2025-02-11 오후 5:37:47] [Debug] [Application] service: Tripolygon.UModeler.Hub.INoticeService = Tripolygon.UModeler.Hub.Noticies.NoticeService
[2025-02-11 오후 5:37:47] [Debug] [Application] service: Tripolygon.UModeler.Hub.Views.SceneViews.HubSceneViewService = Tripolygon.UModeler.Hub.Views.SceneViews.HubSceneViewService
[2025-02-11 오후 5:37:49] [Debug] [Application] Initialize: isReloading=False
[2025-02-11 오후 5:37:49] [Debug] [Application] Service Initialize: Tripolygon.UModeler.Hub.HubAuthentication
[2025-02-11 오후 5:37:49] [Debug] [Application] Service Initialize: Tripolygon.UModeler.Editor.UI.UnityEditorApplicationCache
[2025-02-11 오후 5:37:49] [Debug] [Application] Service Initialize: Tripolygon.UModeler.Hub.HubService
[2025-02-11 오후 5:37:49] [Debug] [Application] Service Initialize: Tripolygon.UModeler.Editor.UI.UnityEditorApplicationUtilityService
[2025-02-11 오후 5:37:49] [Debug] [Application] Service Initialize: Tripolygon.UModeler.Hub.HubFlashService
[2025-02-11 오후 5:37:49] [Debug] [HubAnalytics] PosthogClient.SetAutoFlush: Value Changed: True
[2025-02-11 오후 5:37:49] [Debug] [Application] Service Initialize: Tripolygon.UModeler.Hub.HubAnalyticsService
[2025-02-11 오후 5:37:49] [Debug] [Application] Service Initialize: Tripolygon.UModeler.Hub.VSAttributionService
[2025-02-11 오후 5:37:49] [Debug] [Application] Service Initialize: Tripolygon.UModeler.Hub.Notifications.UpdateHubNotifier
[2025-02-11 오후 5:37:49] [Debug] [Application] Service Initialize: Tripolygon.UModeler.Hub.Notifications.UpdateProductNotifier
[2025-02-11 오후 5:37:49] [Debug] [Application] Service Initialize: Tripolygon.UModeler.Hub.Noticies.NoticeService
[2025-02-11 오후 5:37:49] [Debug] [Application] Service Initialize: Tripolygon.UModeler.Hub.Views.SceneViews.HubSceneViewService
[2025-02-11 오후 5:37:53] [Debug] [Application] Release: isReloading=True
[2025-02-11 오후 5:37:53] [Debug] [Application] Service Release: Tripolygon.UModeler.Hub.Views.SceneViews.HubSceneViewService
[2025-02-11 오후 5:37:53] [Debug] [Application] Service Release: Tripolygon.UModeler.Hub.Noticies.NoticeService
[2025-02-11 오후 5:37:53] [Debug] [Application] Service Release: Tripolygon.UModeler.Hub.Notifications.UpdateProductNotifier
[2025-02-11 오후 5:37:53] [Debug] [Application] Service Release: Tripolygon.UModeler.Hub.Notifications.UpdateHubNotifier
[2025-02-11 오후 5:37:53] [Debug] [Application] Service Release: Tripolygon.UModeler.Hub.VSAttributionService
[2025-02-11 오후 5:37:53] [Debug] [HubAnalytics] PosthogClient.SetAutoFlush: Value Changed: False
[2025-02-11 오후 5:37:53] [Debug] [Application] Service Release: Tripolygon.UModeler.Hub.HubAnalyticsService
[2025-02-11 오후 5:37:53] [Debug] [Application] Service Release: Tripolygon.UModeler.Hub.HubFlashService
[2025-02-11 오후 5:37:53] [Debug] [Application] Service Release: Tripolygon.UModeler.Editor.UI.UnityEditorApplicationUtilityService
[2025-02-11 오후 5:37:53] [Debug] [Application] Service Release: Tripolygon.UModeler.Hub.HubService
[2025-02-11 오후 5:37:53] [Debug] [Application] Service Release: Tripolygon.UModeler.Editor.UI.UnityEditorApplicationCache
[2025-02-11 오후 5:37:53] [Debug] [Application] Service Release: Tripolygon.UModeler.Hub.HubAuthentication
[2025-02-11 오후 5:38:10] [Debug] [Application] service: Tripolygon.UModeler.Hub.HubAuthentication = Tripolygon.UModeler.Hub.HubAuthentication
[2025-02-11 오후 5:38:10] [Debug] [Application] service: Tripolygon.UModeler.UI.IApplicationCache = Tripolygon.UModeler.Editor.UI.UnityEditorApplicationCache
[2025-02-11 오후 5:38:10] [Debug] [Application] service: Tripolygon.UModeler.Hub.IHubService = Tripolygon.UModeler.Hub.HubService
[2025-02-11 오후 5:38:10] [Debug] [Application] service: Tripolygon.UModeler.Authentication.IAuthenticationApiProvider = Tripolygon.UModeler.Editor.AuthenticationApiProviderService
[2025-02-11 오후 5:38:10] [Debug] [Application] service: Tripolygon.UModeler.UI.ITextureProvider = Tripolygon.UModeler.Editor.UI.UnityEditorTextureProvider
[2025-02-11 오후 5:38:10] [Debug] [Application] service: Tripolygon.UModeler.UI.IObjectHierarchyService = Tripolygon.UModeler.Editor.UI.UnityEditorObjectHierarchyService
[2025-02-11 오후 5:38:10] [Debug] [Application] service: Tripolygon.UModeler.UI.IApplicationUtilityService = Tripolygon.UModeler.Editor.UI.UnityEditorApplicationUtilityService
[2025-02-11 오후 5:38:11] [Debug] [Application] service: Tripolygon.UModeler.Editor.UI.ApplicationSettings = Tripolygon.UModeler.Editor.UI.ApplicationSettings
[2025-02-11 오후 5:38:11] [Debug] [Application] service: Tripolygon.UModeler.Hub.Resources.IResourcesApiProvider = Tripolygon.UModeler.Hub.ResourcesApiProviderService
[2025-02-11 오후 5:38:11] [Debug] [Application] service: Tripolygon.UModeler.Hub.HubFlashService = Tripolygon.UModeler.Hub.HubFlashService
[2025-02-11 오후 5:38:11] [Debug] [Application] service: Tripolygon.UModeler.Hub.IHubAnalyticsService = Tripolygon.UModeler.Hub.HubAnalyticsService
[2025-02-11 오후 5:38:11] [Debug] [Application] service: Tripolygon.UModeler.Hub.VSAttributionService = Tripolygon.UModeler.Hub.VSAttributionService
[2025-02-11 오후 5:38:11] [Debug] [Application] service: Tripolygon.UModeler.Hub.Notifications.UpdateHubNotifier = Tripolygon.UModeler.Hub.Notifications.UpdateHubNotifier
[2025-02-11 오후 5:38:11] [Debug] [Application] service: Tripolygon.UModeler.Hub.Notifications.UpdateProductNotifier = Tripolygon.UModeler.Hub.Notifications.UpdateProductNotifier
[2025-02-11 오후 5:38:11] [Debug] [Application] service: Tripolygon.UModeler.Hub.INoticeService = Tripolygon.UModeler.Hub.Noticies.NoticeService
[2025-02-11 오후 5:38:11] [Debug] [Application] service: Tripolygon.UModeler.Hub.Views.SceneViews.HubSceneViewService = Tripolygon.UModeler.Hub.Views.SceneViews.HubSceneViewService
[2025-02-11 오후 5:38:15] [Debug] [Application] Initialize: isReloading=True
[2025-02-11 오후 5:38:15] [Information] [Authentication] Request TraceId=b5ad3bca2f2245f083eadbdeb5fb6106, Uri=https://api.umodeler.com/identity/api/v1/auth/verify
[2025-02-11 오후 5:38:15] [Debug] [Application] Service Initialize: Tripolygon.UModeler.Hub.HubAuthentication
[2025-02-11 오후 5:38:15] [Debug] [Application] Service Initialize: Tripolygon.UModeler.Editor.UI.UnityEditorApplicationCache
[2025-02-11 오후 5:38:16] [Error] [HubService] 
(Filename:  Line: 0)

ArgumentException: An item with the same key has already been added. Key: com.tripolygon.umodeler-x
  at System.Collections.Generic.Dictionary`2[TKey,TValue].TryInsert (TKey key, TValue value, System.Collections.Generic.InsertionBehavior behavior) [0x0015a] in <321eb2db7c6d43ea8fc39b54eaca3452>:0 
  at System.Collections.Generic.Dictionary`2[TKey,TValue].Add (TKey key, TValue value) [0x00000] in <321eb2db7c6d43ea8fc39b54eaca3452>:0 
  at Tripolygon.UModeler.Hub.HubService.RestoreState () [0x000a4] in <9ac8cf8e8e2d415b9f7940a61471d6a7>:0 
Tripolygon.UModeler.Loggings.UMLogger:ErrorException(Exception, String[])
Tripolygon.UModeler.Hub.HubService:RestoreState()
Tripolygon.UModeler.Hub.<OnInitialize>d__38:MoveNext()
System.Runtime.CompilerServices.AsyncVoidMethodBuilder:Start(<OnInitialize>d__38&)
Tripolygon.UModeler.Hub.HubService:OnInitialize(Boolean, Boolean)
Tripolygon.UModeler.UI.ApplicationServiceBase:Application_Initialized(Object, ApplicationInitializedEventArgs)
Tripolygon.UModeler.UI.Application:Initialize(Boolean, Boolean)
Tripolygon.UModeler.Editor.UI.<>c:<.cctor>b__5_0()
UnityEditor.AssemblyReloadEvents:OnAfterAssemblyReload()

[2025-02-11 오후 5:38:16] [Debug] [Application] Service Initialize: Tripolygon.UModeler.Hub.HubService
[2025-02-11 오후 5:38:16] [Debug] [Application] Service Initialize: Tripolygon.UModeler.Editor.UI.UnityEditorApplicationUtilityService
[2025-02-11 오후 5:38:16] [Debug] [Application] Service Initialize: Tripolygon.UModeler.Hub.HubFlashService
[2025-02-11 오후 5:38:16] [Debug] [HubAnalytics] PosthogClient.SetAutoFlush: Value Changed: True
[2025-02-11 오후 5:38:16] [Debug] [Application] Service Initialize: Tripolygon.UModeler.Hub.HubAnalyticsService
[2025-02-11 오후 5:38:16] [Debug] [Application] Service Initialize: Tripolygon.UModeler.Hub.VSAttributionService
[2025-02-11 오후 5:38:16] [Debug] [Application] Service Initialize: Tripolygon.UModeler.Hub.Notifications.UpdateHubNotifier
[2025-02-11 오후 5:38:16] [Debug] [Application] Service Initialize: Tripolygon.UModeler.Hub.Notifications.UpdateProductNotifier
[2025-02-11 오후 5:38:16] [Debug] [Application] Service Initialize: Tripolygon.UModeler.Hub.Noticies.NoticeService
[2025-02-11 오후 5:38:16] [Debug] [Application] Service Initialize: Tripolygon.UModeler.Hub.Views.SceneViews.HubSceneViewService
[2025-02-11 오후 5:38:17] [Debug] [Application] Release: isReloading=True
[2025-02-11 오후 5:38:17] [Debug] [Application] Service Release: Tripolygon.UModeler.Hub.Views.SceneViews.HubSceneViewService
[2025-02-11 오후 5:38:17] [Debug] [Application] Service Release: Tripolygon.UModeler.Hub.Noticies.NoticeService
[2025-02-11 오후 5:38:17] [Debug] [Application] Service Release: Tripolygon.UModeler.Hub.Notifications.UpdateProductNotifier
[2025-02-11 오후 5:38:17] [Debug] [Application] Service Release: Tripolygon.UModeler.Hub.Notifications.UpdateHubNotifier
[2025-02-11 오후 5:38:17] [Debug] [Application] Service Release: Tripolygon.UModeler.Hub.VSAttributionService
[2025-02-11 오후 5:38:20] [Debug] [Authentication] SignedIn
[2025-02-11 오후 5:38:20] [Information] [Authentication] Request TraceId=a5d890a7520145b793ac128a5b901178, Uri=https://api.umodeler.com/resources/api/v1/packages/UModelerHub/version?branch=main
[2025-02-11 오후 5:38:20] [Debug] [HubAnalytics] OnSignIn
[2025-02-11 오후 5:38:21] [Information] [Authentication] Request TraceId=129100bc26e149b4936bd918270e781b, Uri=https://api.umodeler.com/resources/api/v1/packages/UModelerX/version?branch=basic
[2025-02-11 오후 5:38:22] [Information] [Authentication] Request TraceId=00c82561320e428eb638304420ca4069, Uri=https://api.umodeler.com/resources/api/v1/packages/UModelerX/version?branch=plus
[2025-02-11 오후 5:38:23] [Information] [Authentication] Request TraceId=1c7450e4f2c34de3b5c4aaa7e60dfd8a, Uri=https://api.umodeler.com/identity/api/v1/hub/info
[2025-02-11 오후 5:38:23] [Information] [Authentication] Request TraceId=2de1504a9f1e431fa6c5954e57598ffa, Uri=https://api.umodeler.com/resources/api/v1/resources/user-resources?c=ko&current=1&pageSize=20
[2025-02-11 오후 5:38:24] [Warning] Please rename Method 'Tripolygon.UModeler.Hub.Notification.OnPropertyValidate' to 'OnMessagePropertyValidate'.
[2025-02-11 오후 5:38:24] [Warning] Please rename Method 'Tripolygon.UModeler.Hub.Notification.OnPropertyValidate' to 'OnIDPropertyValidate'.
[2025-02-11 오후 5:38:24] [Warning] Please rename Method 'Tripolygon.UModeler.Hub.Notification.OnPropertyValidate' to 'OnTagPropertyValidate'.
[2025-02-11 오후 5:38:24] [Warning] Please rename Method 'Tripolygon.UModeler.Hub.Notification.OnPropertyValidate' to 'OnIsDisplayableAgainPropertyValidate'.
[2025-02-11 오후 5:38:26] [Debug] [HubAnalytics] PosthogClient.BatchAsync: Sending Queue Items={"api_key":"phc_DQ6tsN03HRXTr9hNBfi3DierOY5Y0SisUxgxjuAmZG5","batch":[{"event":"signin","properties":{"$set":{"sdk_region_id":"ko-KR","sdk_region_name":"South Korea","sdk_language":"Korean","sdk_os_architecture":"X64","sdk_time_zone":"Korea Standard Time","product_version":"1.0.1","product_user_email":"a01092099573@gmail.com"},"$os":"WINDOWS","$os_name":"WINDOWS","$session_id":"57be28c3-b78c-4db1-9c1d-a68a3bcfcccd_34785005-f751-4752-9890-216853413574","distinct_id":"a01092099573@gmail.com","product_name":"UModeler Hub","product_version":"1.0.1","platform_name":"Unity","platform_version":"6000.0.24f1","screen_width":1920,"screen_height":1080,"viewport_width":640,"viewport_height":480,"unity_systeminfo_language":"Korean","unity_systeminfo_os":"Windows 10  (10.0.19045) 64bit","unity_systeminfo_graphicsDeviceType":"Direct3D11","unity_systeminfo_graphicsDeviceVendor":"Intel","unity_systeminfo_graphicsDeviceName":"Intel(R) HD Graphics 620","unity_systeminfo_deviceType":"Desktop","unity_systeminfo_processorType":"Intel(R) Core(TM) i3-7100U CPU @ 2.40GHz"},"timestamp":"2025-02-11T08:38:20.7221523Z"},{"event":"$identify","properties":{"$set":{"sdk_region_id":"ko-KR","sdk_region_name":"South Korea","sdk_language":"Korean","sdk_os_architecture":"X64","sdk_time_zone":"Korea Standard Time","product_version":"1.0.1"},"$os":"WINDOWS","$os_name":"WINDOWS","$session_id":"57be28c3-b78c-4db1-9c1d-a68a3bcfcccd_34785005-f751-4752-9890-216853413574","distinct_id":"a01092099573@gmail.com","product_name":"UModeler Hub","product_version":"1.0.1","platform_name":"Unity","platform_version":"6000.0.24f1","screen_width":1920,"screen_height":1080,"viewport_width":640,"viewport_height":480,"unity_systeminfo_language":"Korean","unity_systeminfo_os":"Windows 10  (10.0.19045) 64bit","unity_systeminfo_graphicsDeviceType":"Direct3D11","unity_systeminfo_graphicsDeviceVendor":"Intel","unity_systeminfo_graphicsDeviceName":"Intel(R) HD Graphics 620","unity_systeminfo_deviceType":"Desktop","unity_systeminfo_processorType":"Intel(R) Core(TM) i3-7100U CPU @ 2.40GHz"},"timestamp":"2025-02-11T08:38:20.7231135Z"}]}
[2025-02-11 오후 5:38:26] [Debug] [HubAnalytics] PosthogClient.BatchAsync: Sent 2 queue item(s).
[2025-02-11 오후 5:38:25] [Debug] [Application] service: Tripolygon.UModeler.Hub.HubAuthentication = Tripolygon.UModeler.Hub.HubAuthentication
[2025-02-11 오후 5:38:25] [Debug] [Application] service: Tripolygon.UModeler.UI.IApplicationCache = Tripolygon.UModeler.Editor.UI.UnityEditorApplicationCache
[2025-02-11 오후 5:38:25] [Debug] [Application] service: Tripolygon.UModeler.Hub.IHubService = Tripolygon.UModeler.Hub.HubService
[2025-02-11 오후 5:38:25] [Debug] [Application] service: Tripolygon.UModeler.Authentication.IAuthenticationApiProvider = Tripolygon.UModeler.Editor.AuthenticationApiProviderService
[2025-02-11 오후 5:38:25] [Debug] [Application] service: Tripolygon.UModeler.UI.ITextureProvider = Tripolygon.UModeler.Editor.UI.UnityEditorTextureProvider
[2025-02-11 오후 5:38:25] [Debug] [Application] service: Tripolygon.UModeler.UI.IObjectHierarchyService = Tripolygon.UModeler.Editor.UI.UnityEditorObjectHierarchyService
[2025-02-11 오후 5:38:25] [Debug] [Application] service: Tripolygon.UModeler.UI.IApplicationUtilityService = Tripolygon.UModeler.Editor.UI.UnityEditorApplicationUtilityService
[2025-02-11 오후 5:38:25] [Debug] [Application] service: Tripolygon.UModeler.Editor.UI.ApplicationSettings = Tripolygon.UModeler.Editor.UI.ApplicationSettings
[2025-02-11 오후 5:38:25] [Debug] [Application] service: Tripolygon.UModeler.Hub.Resources.IResourcesApiProvider = Tripolygon.UModeler.Hub.ResourcesApiProviderService
[2025-02-11 오후 5:38:25] [Debug] [Application] service: Tripolygon.UModeler.Hub.HubFlashService = Tripolygon.UModeler.Hub.HubFlashService
[2025-02-11 오후 5:38:25] [Debug] [Application] service: Tripolygon.UModeler.Hub.IHubAnalyticsService = Tripolygon.UModeler.Hub.HubAnalyticsService
[2025-02-11 오후 5:38:25] [Debug] [Application] service: Tripolygon.UModeler.Hub.VSAttributionService = Tripolygon.UModeler.Hub.VSAttributionService
[2025-02-11 오후 5:38:25] [Debug] [Application] service: Tripolygon.UModeler.Hub.Notifications.UpdateHubNotifier = Tripolygon.UModeler.Hub.Notifications.UpdateHubNotifier
[2025-02-11 오후 5:38:25] [Debug] [Application] service: Tripolygon.UModeler.Hub.Notifications.UpdateProductNotifier = Tripolygon.UModeler.Hub.Notifications.UpdateProductNotifier
[2025-02-11 오후 5:38:25] [Debug] [Application] service: Tripolygon.UModeler.Hub.INoticeService = Tripolygon.UModeler.Hub.Noticies.NoticeService
[2025-02-11 오후 5:38:25] [Debug] [Application] service: Tripolygon.UModeler.Hub.Views.SceneViews.HubSceneViewService = Tripolygon.UModeler.Hub.Views.SceneViews.HubSceneViewService
[2025-02-11 오후 5:38:27] [Debug] [Application] Initialize: isReloading=True
[2025-02-11 오후 5:38:27] [Debug] [Application] Service Initialize: Tripolygon.UModeler.Hub.HubAuthentication
[2025-02-11 오후 5:38:27] [Debug] [Application] Service Initialize: Tripolygon.UModeler.Editor.UI.UnityEditorApplicationCache
[2025-02-11 오후 5:38:27] [Debug] [Application] Service Initialize: Tripolygon.UModeler.Hub.HubService
[2025-02-11 오후 5:38:27] [Debug] [Application] Service Initialize: Tripolygon.UModeler.Editor.UI.UnityEditorApplicationUtilityService
[2025-02-11 오후 5:38:27] [Debug] [Application] Service Initialize: Tripolygon.UModeler.Hub.HubFlashService
[2025-02-11 오후 5:38:27] [Debug] [HubAnalytics] PosthogClient.SetAutoFlush: Value Changed: True
[2025-02-11 오후 5:38:27] [Debug] [Application] Service Initialize: Tripolygon.UModeler.Hub.HubAnalyticsService
[2025-02-11 오후 5:38:27] [Debug] [Application] Service Initialize: Tripolygon.UModeler.Hub.VSAttributionService
[2025-02-11 오후 5:38:27] [Debug] [Application] Service Initialize: Tripolygon.UModeler.Hub.Notifications.UpdateHubNotifier
[2025-02-11 오후 5:38:27] [Debug] [Application] Service Initialize: Tripolygon.UModeler.Hub.Notifications.UpdateProductNotifier
[2025-02-11 오후 5:38:27] [Debug] [Application] Service Initialize: Tripolygon.UModeler.Hub.Noticies.NoticeService
[2025-02-11 오후 5:38:27] [Debug] [Application] Service Initialize: Tripolygon.UModeler.Hub.Views.SceneViews.HubSceneViewService
[2025-02-11 오후 6:25:56] [Debug] [Application] Release: isReloading=False
[2025-02-11 오후 6:25:56] [Debug] [Application] Service Release: Tripolygon.UModeler.Hub.Views.SceneViews.HubSceneViewService
[2025-02-11 오후 6:25:56] [Debug] [Application] Service Release: Tripolygon.UModeler.Hub.Noticies.NoticeService
[2025-02-11 오후 6:25:56] [Debug] [Application] Service Release: Tripolygon.UModeler.Hub.Notifications.UpdateProductNotifier
[2025-02-11 오후 6:25:56] [Debug] [Application] Service Release: Tripolygon.UModeler.Hub.Notifications.UpdateHubNotifier
[2025-02-11 오후 6:25:56] [Debug] [Application] Service Release: Tripolygon.UModeler.Hub.VSAttributionService
[2025-02-11 오후 6:25:56] [Debug] [HubAnalytics] OnAppEnd
[2025-02-11 오후 6:25:56] [Debug] [HubAnalytics] PosthogClient.SetAutoFlush: Value Changed: False
[2025-02-11 오후 6:25:56] [Debug] [HubAnalytics] PosthogClient.BatchAsync: Sending Queue Items={"api_key":"phc_DQ6tsN03HRXTr9hNBfi3DierOY5Y0SisUxgxjuAmZG5","batch":[{"event":"app end","properties":{"$set":{"sdk_region_id":"ko-KR","sdk_region_name":"South Korea","sdk_language":"Korean","sdk_os_architecture":"X64","sdk_time_zone":"Korea Standard Time","product_version":"1.0.1"},"$os":"WINDOWS","$os_name":"WINDOWS","$session_id":"57be28c3-b78c-4db1-9c1d-a68a3bcfcccd_34785005-f751-4752-9890-216853413574","distinct_id":"a01092099573@gmail.com","product_name":"UModeler Hub","product_version":"1.0.1","platform_name":"Unity","platform_version":"6000.0.24f1","screen_width":1920,"screen_height":1080,"viewport_width":640,"viewport_height":480,"unity_systeminfo_language":"Korean","unity_systeminfo_os":"Windows 10  (10.0.19045) 64bit","unity_systeminfo_graphicsDeviceType":"Direct3D11","unity_systeminfo_graphicsDeviceVendor":"Intel","unity_systeminfo_graphicsDeviceName":"Intel(R) HD Graphics 620","unity_systeminfo_deviceType":"Desktop","unity_systeminfo_processorType":"Intel(R) Core(TM) i3-7100U CPU @ 2.40GHz"},"timestamp":"2025-02-11T09:25:56.1262494Z"}]}
[2025-02-11 오후 6:25:56] [Debug] [HubAnalytics] PosthogClient.BatchAsync: Sent 1 queue item(s).
[2025-02-11 오후 6:25:56] [Debug] [Application] Service Release: Tripolygon.UModeler.Hub.HubAnalyticsService
[2025-02-11 오후 6:25:56] [Debug] [Application] Service Release: Tripolygon.UModeler.Hub.HubFlashService
[2025-02-11 오후 6:25:56] [Debug] [Application] Service Release: Tripolygon.UModeler.Editor.UI.UnityEditorApplicationUtilityService
[2025-02-11 오후 6:25:56] [Debug] [Application] Service Release: Tripolygon.UModeler.Hub.HubService
[2025-02-11 오후 6:25:56] [Debug] [Application] Service Release: Tripolygon.UModeler.Editor.UI.UnityEditorApplicationCache
[2025-02-11 오후 6:25:56] [Debug] [Application] Service Release: Tripolygon.UModeler.Hub.HubAuthentication
