[2025-02-04 오후 4:50:26] [Debug] [Application] service: Tripolygon.UModeler.Hub.HubAuthentication = Tripolygon.UModeler.Hub.HubAuthentication
[2025-02-04 오후 4:50:26] [Debug] [Application] service: Tripolygon.UModeler.UI.IApplicationCache = Tripolygon.UModeler.Editor.UI.UnityEditorApplicationCache
[2025-02-04 오후 4:50:26] [Debug] [Application] service: Tripolygon.UModeler.Hub.IHubService = Tripolygon.UModeler.Hub.HubService
[2025-02-04 오후 4:50:26] [Debug] [Application] service: Tripolygon.UModeler.Authentication.IAuthenticationApiProvider = Tripolygon.UModeler.Editor.AuthenticationApiProviderService
[2025-02-04 오후 4:50:26] [Debug] [Application] service: Tripolygon.UModeler.UI.ITextureProvider = Tripolygon.UModeler.Editor.UI.UnityEditorTextureProvider
[2025-02-04 오후 4:50:26] [Debug] [Application] service: Tripolygon.UModeler.UI.IObjectHierarchyService = Tripolygon.UModeler.Editor.UI.UnityEditorObjectHierarchyService
[2025-02-04 오후 4:50:26] [Debug] [Application] service: Tripolygon.UModeler.UI.IApplicationUtilityService = Tripolygon.UModeler.Editor.UI.UnityEditorApplicationUtilityService
[2025-02-04 오후 4:50:27] [Debug] [Application] service: Tripolygon.UModeler.Editor.UI.ApplicationSettings = Tripolygon.UModeler.Editor.UI.ApplicationSettings
[2025-02-04 오후 4:50:27] [Debug] [Application] service: Tripolygon.UModeler.Hub.Resources.IResourcesApiProvider = Tripolygon.UModeler.Hub.ResourcesApiProviderService
[2025-02-04 오후 4:50:27] [Debug] [Application] service: Tripolygon.UModeler.Hub.HubFlashService = Tripolygon.UModeler.Hub.HubFlashService
[2025-02-04 오후 4:50:27] [Debug] [Application] service: Tripolygon.UModeler.Hub.IHubAnalyticsService = Tripolygon.UModeler.Hub.HubAnalyticsService
[2025-02-04 오후 4:50:27] [Debug] [Application] service: Tripolygon.UModeler.Hub.VSAttributionService = Tripolygon.UModeler.Hub.VSAttributionService
[2025-02-04 오후 4:50:27] [Debug] [Application] service: Tripolygon.UModeler.Hub.Notifications.UpdateHubNotifier = Tripolygon.UModeler.Hub.Notifications.UpdateHubNotifier
[2025-02-04 오후 4:50:27] [Debug] [Application] service: Tripolygon.UModeler.Hub.Notifications.UpdateProductNotifier = Tripolygon.UModeler.Hub.Notifications.UpdateProductNotifier
[2025-02-04 오후 4:50:27] [Debug] [Application] service: Tripolygon.UModeler.Hub.INoticeService = Tripolygon.UModeler.Hub.Noticies.NoticeService
[2025-02-04 오후 4:50:27] [Debug] [Application] service: Tripolygon.UModeler.Hub.Views.SceneViews.HubSceneViewService = Tripolygon.UModeler.Hub.Views.SceneViews.HubSceneViewService
[2025-02-04 오후 4:50:29] [Debug] [Application] Initialize: isReloading=False
[2025-02-04 오후 4:50:29] [Debug] [Application] Service Initialize: Tripolygon.UModeler.Hub.HubAuthentication
[2025-02-04 오후 4:50:29] [Debug] [Application] Service Initialize: Tripolygon.UModeler.Editor.UI.UnityEditorApplicationCache
[2025-02-04 오후 4:50:29] [Debug] [Application] Service Initialize: Tripolygon.UModeler.Hub.HubService
[2025-02-04 오후 4:50:29] [Debug] [Application] Service Initialize: Tripolygon.UModeler.Editor.UI.UnityEditorApplicationUtilityService
[2025-02-04 오후 4:50:29] [Debug] [Application] Service Initialize: Tripolygon.UModeler.Hub.HubFlashService
[2025-02-04 오후 4:50:29] [Debug] [HubAnalytics] PosthogClient.SetAutoFlush: Value Changed: True
[2025-02-04 오후 4:50:30] [Debug] [Application] Service Initialize: Tripolygon.UModeler.Hub.HubAnalyticsService
[2025-02-04 오후 4:50:30] [Debug] [Application] Service Initialize: Tripolygon.UModeler.Hub.VSAttributionService
[2025-02-04 오후 4:50:30] [Debug] [Application] Service Initialize: Tripolygon.UModeler.Hub.Notifications.UpdateHubNotifier
[2025-02-04 오후 4:50:30] [Debug] [Application] Service Initialize: Tripolygon.UModeler.Hub.Notifications.UpdateProductNotifier
[2025-02-04 오후 4:50:30] [Debug] [Application] Service Initialize: Tripolygon.UModeler.Hub.Noticies.NoticeService
[2025-02-04 오후 4:50:30] [Debug] [Application] Service Initialize: Tripolygon.UModeler.Hub.Views.SceneViews.HubSceneViewService
[2025-02-04 오후 4:50:35] [Debug] [HubAnalytics] OnAppStart
[2025-02-04 오후 4:50:40] [Debug] [HubAnalytics] PosthogClient.BatchAsync: Sending Queue Items={"api_key":"phc_DQ6tsN03HRXTr9hNBfi3DierOY5Y0SisUxgxjuAmZG5","batch":[{"event":"app start","properties":{"$set":{"sdk_region_id":"ko-KR","sdk_region_name":"South Korea","sdk_language":"Korean","sdk_os_architecture":"X64","sdk_time_zone":"Korea Standard Time","product_version":"1.0.1","platform_account_id":"14569362878867","platform_account_name":"V+ehOOGp7agqMZxDkTh82lF7hZaP+XfYRiRpp3mFa0ghEw4/ytN3QeWni5E4newvfjKTFHkPIW5bu0CHi+V45HYkh/A4P5/TKJtSnNuDcDnxpDHQyZcyXJBBEoOb+j+17OzMjsn6Rmpsga6MVGHVAW2uHfI2WMuuBhYHW1yOCWc+oGhQxqRc7/lVoPJPgBWGqot8Z1Vj/jgZmnpDV24uPCTHA6FFECz8XOktqSI19rWslsD0oSpedrHPEbzImXPaKM/+/RAeFx2PLNvEkgtKDvr4s8eKxpFN6qON5W6/wHd76MY27KJZbyompPjkc3ZGRqR4yKwpvSqDtKqUEDfXXg=="},"$os":"WINDOWS","$os_name":"WINDOWS","$session_id":"fb83b7e9-cdbf-4b85-aaee-8d75b06981c4_ea2d657a-a6b2-4a96-92a4-854f9a92c951","distinct_id":"3233827edcb867f6b4b10f2975c364aa3e4bef21","product_name":"UModeler Hub","product_version":"1.0.1","platform_name":"Unity","platform_version":"6000.0.24f1","screen_width":1920,"screen_height":1080,"viewport_width":1581,"viewport_height":333,"unity_systeminfo_language":"Korean","unity_systeminfo_os":"Windows 10  (10.0.19045) 64bit","unity_systeminfo_graphicsDeviceType":"Direct3D11","unity_systeminfo_graphicsDeviceVendor":"Intel","unity_systeminfo_graphicsDeviceName":"Intel(R) HD Graphics 620","unity_systeminfo_deviceType":"Desktop","unity_systeminfo_processorType":"Intel(R) Core(TM) i3-7100U CPU @ 2.40GHz"},"timestamp":"2025-02-04T07:50:35.4917207Z"}]}
[2025-02-04 오후 4:50:41] [Debug] [HubAnalytics] PosthogClient.BatchAsync: Sent 1 queue item(s).
[2025-02-04 오후 4:53:46] [Debug] [Application] service: Tripolygon.UModeler.Hub.HubAuthentication = Tripolygon.UModeler.Hub.HubAuthentication
[2025-02-04 오후 4:53:46] [Debug] [Application] service: Tripolygon.UModeler.UI.IApplicationCache = Tripolygon.UModeler.Editor.UI.UnityEditorApplicationCache
[2025-02-04 오후 4:53:47] [Debug] [Application] service: Tripolygon.UModeler.Hub.IHubService = Tripolygon.UModeler.Hub.HubService
[2025-02-04 오후 4:53:47] [Debug] [Application] service: Tripolygon.UModeler.Authentication.IAuthenticationApiProvider = Tripolygon.UModeler.Editor.AuthenticationApiProviderService
[2025-02-04 오후 4:53:47] [Debug] [Application] service: Tripolygon.UModeler.UI.ITextureProvider = Tripolygon.UModeler.Editor.UI.UnityEditorTextureProvider
[2025-02-04 오후 4:53:47] [Debug] [Application] service: Tripolygon.UModeler.UI.IObjectHierarchyService = Tripolygon.UModeler.Editor.UI.UnityEditorObjectHierarchyService
[2025-02-04 오후 4:53:47] [Debug] [Application] service: Tripolygon.UModeler.UI.IApplicationUtilityService = Tripolygon.UModeler.Editor.UI.UnityEditorApplicationUtilityService
[2025-02-04 오후 4:53:47] [Debug] [Application] service: Tripolygon.UModeler.Editor.UI.ApplicationSettings = Tripolygon.UModeler.Editor.UI.ApplicationSettings
[2025-02-04 오후 4:53:47] [Debug] [Application] service: Tripolygon.UModeler.Hub.Resources.IResourcesApiProvider = Tripolygon.UModeler.Hub.ResourcesApiProviderService
[2025-02-04 오후 4:53:47] [Debug] [Application] service: Tripolygon.UModeler.Hub.HubFlashService = Tripolygon.UModeler.Hub.HubFlashService
[2025-02-04 오후 4:53:47] [Debug] [Application] service: Tripolygon.UModeler.Hub.IHubAnalyticsService = Tripolygon.UModeler.Hub.HubAnalyticsService
[2025-02-04 오후 4:53:47] [Debug] [Application] service: Tripolygon.UModeler.Hub.VSAttributionService = Tripolygon.UModeler.Hub.VSAttributionService
[2025-02-04 오후 4:53:47] [Debug] [Application] service: Tripolygon.UModeler.Hub.Notifications.UpdateHubNotifier = Tripolygon.UModeler.Hub.Notifications.UpdateHubNotifier
[2025-02-04 오후 4:53:47] [Debug] [Application] service: Tripolygon.UModeler.Hub.Notifications.UpdateProductNotifier = Tripolygon.UModeler.Hub.Notifications.UpdateProductNotifier
[2025-02-04 오후 4:53:47] [Debug] [Application] service: Tripolygon.UModeler.Hub.INoticeService = Tripolygon.UModeler.Hub.Noticies.NoticeService
[2025-02-04 오후 4:53:47] [Debug] [Application] service: Tripolygon.UModeler.Hub.Views.SceneViews.HubSceneViewService = Tripolygon.UModeler.Hub.Views.SceneViews.HubSceneViewService
[2025-02-04 오후 4:53:49] [Debug] [Application] Initialize: isReloading=False
[2025-02-04 오후 4:53:49] [Debug] [Application] Service Initialize: Tripolygon.UModeler.Hub.HubAuthentication
[2025-02-04 오후 4:53:49] [Debug] [Application] Service Initialize: Tripolygon.UModeler.Editor.UI.UnityEditorApplicationCache
[2025-02-04 오후 4:53:49] [Debug] [Application] Service Initialize: Tripolygon.UModeler.Hub.HubService
[2025-02-04 오후 4:53:49] [Debug] [Application] Service Initialize: Tripolygon.UModeler.Editor.UI.UnityEditorApplicationUtilityService
[2025-02-04 오후 4:53:49] [Debug] [Application] Service Initialize: Tripolygon.UModeler.Hub.HubFlashService
[2025-02-04 오후 4:53:49] [Debug] [HubAnalytics] PosthogClient.SetAutoFlush: Value Changed: True
[2025-02-04 오후 4:53:49] [Debug] [Application] Service Initialize: Tripolygon.UModeler.Hub.HubAnalyticsService
[2025-02-04 오후 4:53:49] [Debug] [Application] Service Initialize: Tripolygon.UModeler.Hub.VSAttributionService
[2025-02-04 오후 4:53:49] [Debug] [Application] Service Initialize: Tripolygon.UModeler.Hub.Notifications.UpdateHubNotifier
[2025-02-04 오후 4:53:49] [Debug] [Application] Service Initialize: Tripolygon.UModeler.Hub.Notifications.UpdateProductNotifier
[2025-02-04 오후 4:53:49] [Debug] [Application] Service Initialize: Tripolygon.UModeler.Hub.Noticies.NoticeService
[2025-02-04 오후 4:53:49] [Debug] [Application] Service Initialize: Tripolygon.UModeler.Hub.Views.SceneViews.HubSceneViewService
[2025-02-04 오후 4:54:41] [Debug] [HubAnalytics] PosthogClient.BatchAsync: Sending Queue Items={"api_key":"phc_DQ6tsN03HRXTr9hNBfi3DierOY5Y0SisUxgxjuAmZG5","batch":[{"event":"open","properties":{"$set":{"sdk_region_id":"ko-KR","sdk_region_name":"South Korea","sdk_language":"Korean","sdk_os_architecture":"X64","sdk_time_zone":"Korea Standard Time","product_version":"1.0.1"},"$os":"WINDOWS","$os_name":"WINDOWS","$session_id":"fb83b7e9-cdbf-4b85-aaee-8d75b06981c4_ea2d657a-a6b2-4a96-92a4-854f9a92c951","distinct_id":"3233827edcb867f6b4b10f2975c364aa3e4bef21","product_name":"UModeler Hub","product_version":"1.0.1","platform_name":"Unity","platform_version":"6000.0.24f1","screen_width":1920,"screen_height":1080,"viewport_width":1581,"viewport_height":333,"unity_systeminfo_language":"Korean","unity_systeminfo_os":"Windows 10  (10.0.19045) 64bit","unity_systeminfo_graphicsDeviceType":"Direct3D11","unity_systeminfo_graphicsDeviceVendor":"Intel","unity_systeminfo_graphicsDeviceName":"Intel(R) HD Graphics 620","unity_systeminfo_deviceType":"Desktop","unity_systeminfo_processorType":"Intel(R) Core(TM) i3-7100U CPU @ 2.40GHz","type":"HubWindow","data_context":"Tripolygon.UModeler.Hub.Views.Hubs.HubEditorViewModel"},"timestamp":"2025-02-04T07:54:37.3310717Z"},{"event":"page_view","properties":{"$set":{"sdk_region_id":"ko-KR","sdk_region_name":"South Korea","sdk_language":"Korean","sdk_os_architecture":"X64","sdk_time_zone":"Korea Standard Time","product_version":"1.0.1"},"$os":"WINDOWS","$os_name":"WINDOWS","$session_id":"fb83b7e9-cdbf-4b85-aaee-8d75b06981c4_ea2d657a-a6b2-4a96-92a4-854f9a92c951","distinct_id":"3233827edcb867f6b4b10f2975c364aa3e4bef21","product_name":"UModeler Hub","product_version":"1.0.1","platform_name":"Unity","platform_version":"6000.0.24f1","screen_width":1920,"screen_height":1080,"viewport_width":1581,"viewport_height":333,"unity_systeminfo_language":"Korean","unity_systeminfo_os":"Windows 10  (10.0.19045) 64bit","unity_systeminfo_graphicsDeviceType":"Direct3D11","unity_systeminfo_graphicsDeviceVendor":"Intel","unity_systeminfo_graphicsDeviceName":"Intel(R) HD Graphics 620","unity_systeminfo_deviceType":"Desktop","unity_systeminfo_processorType":"Intel(R) Core(TM) i3-7100U CPU @ 2.40GHz","type":"HomePage.All Products","scope":"HubWindow","data_context":"Tripolygon.UModeler.Hub.Views.Hubs.Homes.ProductsViewModel"},"timestamp":"2025-02-04T07:54:37.8858104Z"},{"event":"page_view","properties":{"$set":{"sdk_region_id":"ko-KR","sdk_region_name":"South Korea","sdk_language":"Korean","sdk_os_architecture":"X64","sdk_time_zone":"Korea Standard Time","product_version":"1.0.1"},"$os":"WINDOWS","$os_name":"WINDOWS","$session_id":"fb83b7e9-cdbf-4b85-aaee-8d75b06981c4_ea2d657a-a6b2-4a96-92a4-854f9a92c951","distinct_id":"3233827edcb867f6b4b10f2975c364aa3e4bef21","product_name":"UModeler Hub","product_version":"1.0.1","platform_name":"Unity","platform_version":"6000.0.24f1","screen_width":1920,"screen_height":1080,"viewport_width":1581,"viewport_height":333,"unity_systeminfo_language":"Korean","unity_systeminfo_os":"Windows 10  (10.0.19045) 64bit","unity_systeminfo_graphicsDeviceType":"Direct3D11","unity_systeminfo_graphicsDeviceVendor":"Intel","unity_systeminfo_graphicsDeviceName":"Intel(R) HD Graphics 620","unity_systeminfo_deviceType":"Desktop","unity_systeminfo_processorType":"Intel(R) Core(TM) i3-7100U CPU @ 2.40GHz","type":"EmailPage","scope":"HubWindow","data_context":"HubSignInViewModel"},"timestamp":"2025-02-04T07:54:37.9257711Z"}]}
[2025-02-04 오후 4:54:41] [Debug] [HubAnalytics] PosthogClient.BatchAsync: Sent 3 queue item(s).
[2025-02-04 오후 4:54:43] [Information] [Authentication] Request TraceId=0795a2b4fb3c4cbe8c7ac49c3464dea8, Uri=https://api.umodeler.com/identity/api/v1/auth/signup
[2025-02-04 오후 4:54:51] [Debug] [HubAnalytics] PosthogClient.BatchAsync: Sending Queue Items={"api_key":"phc_DQ6tsN03HRXTr9hNBfi3DierOY5Y0SisUxgxjuAmZG5","batch":[{"event":"page_view","properties":{"$set":{"sdk_region_id":"ko-KR","sdk_region_name":"South Korea","sdk_language":"Korean","sdk_os_architecture":"X64","sdk_time_zone":"Korea Standard Time","product_version":"1.0.1"},"$os":"WINDOWS","$os_name":"WINDOWS","$session_id":"fb83b7e9-cdbf-4b85-aaee-8d75b06981c4_ea2d657a-a6b2-4a96-92a4-854f9a92c951","distinct_id":"3233827edcb867f6b4b10f2975c364aa3e4bef21","product_name":"UModeler Hub","product_version":"1.0.1","platform_name":"Unity","platform_version":"6000.0.24f1","screen_width":1920,"screen_height":1080,"viewport_width":1581,"viewport_height":333,"unity_systeminfo_language":"Korean","unity_systeminfo_os":"Windows 10  (10.0.19045) 64bit","unity_systeminfo_graphicsDeviceType":"Direct3D11","unity_systeminfo_graphicsDeviceVendor":"Intel","unity_systeminfo_graphicsDeviceName":"Intel(R) HD Graphics 620","unity_systeminfo_deviceType":"Desktop","unity_systeminfo_processorType":"Intel(R) Core(TM) i3-7100U CPU @ 2.40GHz","type":"SignUpPage","scope":"HubWindow","data_context":"HubSignUpViewModel"},"timestamp":"2025-02-04T07:54:43.0616232Z"}]}
[2025-02-04 오후 4:54:52] [Debug] [HubAnalytics] PosthogClient.BatchAsync: Sent 1 queue item(s).
[2025-02-04 오후 4:55:10] [Debug] [Authentication] Listen External Provider: http://localhost:52801/
[2025-02-04 오후 4:55:10] [Debug] [Authentication] Started HTTP Listener
[2025-02-04 오후 4:55:12] [Debug] [HubAnalytics] PosthogClient.BatchAsync: Sending Queue Items={"api_key":"phc_DQ6tsN03HRXTr9hNBfi3DierOY5Y0SisUxgxjuAmZG5","batch":[{"event":"action","properties":{"$set":{"sdk_region_id":"ko-KR","sdk_region_name":"South Korea","sdk_language":"Korean","sdk_os_architecture":"X64","sdk_time_zone":"Korea Standard Time","product_version":"1.0.1"},"$os":"WINDOWS","$os_name":"WINDOWS","$session_id":"fb83b7e9-cdbf-4b85-aaee-8d75b06981c4_ea2d657a-a6b2-4a96-92a4-854f9a92c951","distinct_id":"3233827edcb867f6b4b10f2975c364aa3e4bef21","product_name":"UModeler Hub","product_version":"1.0.1","platform_name":"Unity","platform_version":"6000.0.24f1","screen_width":1920,"screen_height":1080,"viewport_width":1581,"viewport_height":333,"unity_systeminfo_language":"Korean","unity_systeminfo_os":"Windows 10  (10.0.19045) 64bit","unity_systeminfo_graphicsDeviceType":"Direct3D11","unity_systeminfo_graphicsDeviceVendor":"Intel","unity_systeminfo_graphicsDeviceName":"Intel(R) HD Graphics 620","unity_systeminfo_deviceType":"Desktop","unity_systeminfo_processorType":"Intel(R) Core(TM) i3-7100U CPU @ 2.40GHz","type":"SignUpPage.IsCheckedTermsOfUse","scope":"HubWindow","data_context":"Tripolygon.UModeler.Hub.Views.Hubs.HubSignUpViewModel"},"timestamp":"2025-02-04T07:55:05.9517416Z"},{"event":"action","properties":{"$set":{"sdk_region_id":"ko-KR","sdk_region_name":"South Korea","sdk_language":"Korean","sdk_os_architecture":"X64","sdk_time_zone":"Korea Standard Time","product_version":"1.0.1"},"$os":"WINDOWS","$os_name":"WINDOWS","$session_id":"fb83b7e9-cdbf-4b85-aaee-8d75b06981c4_ea2d657a-a6b2-4a96-92a4-854f9a92c951","distinct_id":"3233827edcb867f6b4b10f2975c364aa3e4bef21","product_name":"UModeler Hub","product_version":"1.0.1","platform_name":"Unity","platform_version":"6000.0.24f1","screen_width":1920,"screen_height":1080,"viewport_width":1581,"viewport_height":333,"unity_systeminfo_language":"Korean","unity_systeminfo_os":"Windows 10  (10.0.19045) 64bit","unity_systeminfo_graphicsDeviceType":"Direct3D11","unity_systeminfo_graphicsDeviceVendor":"Intel","unity_systeminfo_graphicsDeviceName":"Intel(R) HD Graphics 620","unity_systeminfo_deviceType":"Desktop","unity_systeminfo_processorType":"Intel(R) Core(TM) i3-7100U CPU @ 2.40GHz","type":"SignUpPage.IsCheckedCollectionAndUseOfPersonalInformation","scope":"HubWindow","data_context":"Tripolygon.UModeler.Hub.Views.Hubs.HubSignUpViewModel"},"timestamp":"2025-02-04T07:55:06.5464611Z"},{"event":"action","properties":{"$set":{"sdk_region_id":"ko-KR","sdk_region_name":"South Korea","sdk_language":"Korean","sdk_os_architecture":"X64","sdk_time_zone":"Korea Standard Time","product_version":"1.0.1"},"$os":"WINDOWS","$os_name":"WINDOWS","$session_id":"fb83b7e9-cdbf-4b85-aaee-8d75b06981c4_ea2d657a-a6b2-4a96-92a4-854f9a92c951","distinct_id":"3233827edcb867f6b4b10f2975c364aa3e4bef21","product_name":"UModeler Hub","product_version":"1.0.1","platform_name":"Unity","platform_version":"6000.0.24f1","screen_width":1920,"screen_height":1080,"viewport_width":1581,"viewport_height":333,"unity_systeminfo_language":"Korean","unity_systeminfo_os":"Windows 10  (10.0.19045) 64bit","unity_systeminfo_graphicsDeviceType":"Direct3D11","unity_systeminfo_graphicsDeviceVendor":"Intel","unity_systeminfo_graphicsDeviceName":"Intel(R) HD Graphics 620","unity_systeminfo_deviceType":"Desktop","unity_systeminfo_processorType":"Intel(R) Core(TM) i3-7100U CPU @ 2.40GHz","type":"SignUpPage.CreateID","scope":"HubWindow","data_context":"Tripolygon.UModeler.Hub.Views.Hubs.HubSignUpViewModel"},"timestamp":"2025-02-04T07:55:10.4474533Z"}]}
[2025-02-04 오후 4:55:12] [Debug] [HubAnalytics] PosthogClient.BatchAsync: Sent 3 queue item(s).
[2025-02-04 오후 4:55:23] [Debug] [Authentication] Begin Request: OPTIONS http://localhost:52801/signin-callback
[2025-02-04 오후 4:55:23] [Debug] [Authentication] End Request: OPTIONS http://localhost:52801/signin-callback
[2025-02-04 오후 4:55:23] [Debug] [Authentication] Begin Request: POST http://localhost:52801/signin-callback
[2025-02-04 오후 4:55:23] [Debug] [Authentication] End Request: POST http://localhost:52801/signin-callback
[2025-02-04 오후 4:55:23] [Information] [Authentication] Request TraceId=cff72a299cef427d98f34abd51707d6e, Uri=https://api.umodeler.com/identity/api/v1/auth/signup
[2025-02-04 오후 4:55:25] [Debug] [Authentication] SignedUp
[2025-02-04 오후 4:55:25] [Debug] [HubAnalytics] OnSignUp
[2025-02-04 오후 4:55:25] [Information] [Authentication] Request TraceId=4a0f4df63c5b430ebfec941d3f57c11a, Uri=https://api.umodeler.com/resources/api/v1/packages/UModelerHub/version?branch=main
[2025-02-04 오후 4:55:25] [Debug] [HubAnalytics] OnSignIn
[2025-02-04 오후 4:55:26] [Information] [Authentication] Request TraceId=41b1f55718e84b588f9355d07fc2527b, Uri=https://api.umodeler.com/resources/api/v1/packages/UModelerX/version?branch=basic
[2025-02-04 오후 4:55:26] [Information] [Authentication] Request TraceId=329766ec9f7240df94e783a06a224194, Uri=https://api.umodeler.com/resources/api/v1/packages/UModelerX/version?branch=plus
[2025-02-04 오후 4:55:27] [Information] [Authentication] Request TraceId=3758f4af1166415987f6fb5606146a19, Uri=https://api.umodeler.com/identity/api/v1/hub/info
[2025-02-04 오후 4:55:28] [Information] [Authentication] Request TraceId=58adb6fd29f04196a0480845e787587d, Uri=https://api.umodeler.com/resources/api/v1/resources/user-resources?c=ko&current=1&pageSize=20
[2025-02-04 오후 4:55:29] [Warning] Please rename Method 'Tripolygon.UModeler.Hub.Notification.OnPropertyValidate' to 'OnMessagePropertyValidate'.
[2025-02-04 오후 4:55:29] [Warning] Please rename Method 'Tripolygon.UModeler.Hub.Notification.OnPropertyValidate' to 'OnIDPropertyValidate'.
[2025-02-04 오후 4:55:29] [Warning] Please rename Method 'Tripolygon.UModeler.Hub.Notification.OnPropertyValidate' to 'OnTagPropertyValidate'.
[2025-02-04 오후 4:55:29] [Warning] Please rename Method 'Tripolygon.UModeler.Hub.Notification.OnPropertyValidate' to 'OnIsDisplayableAgainPropertyValidate'.
[2025-02-04 오후 4:55:32] [Debug] [HubAnalytics] PosthogClient.BatchAsync: Sending Queue Items={"api_key":"phc_DQ6tsN03HRXTr9hNBfi3DierOY5Y0SisUxgxjuAmZG5","batch":[{"event":"signup","properties":{"$set":{"sdk_region_id":"ko-KR","sdk_region_name":"South Korea","sdk_language":"Korean","sdk_os_architecture":"X64","sdk_time_zone":"Korea Standard Time","product_version":"1.0.1"},"$os":"WINDOWS","$os_name":"WINDOWS","$session_id":"fb83b7e9-cdbf-4b85-aaee-8d75b06981c4_ea2d657a-a6b2-4a96-92a4-854f9a92c951","distinct_id":"3233827edcb867f6b4b10f2975c364aa3e4bef21","product_name":"UModeler Hub","product_version":"1.0.1","platform_name":"Unity","platform_version":"6000.0.24f1","screen_width":1920,"screen_height":1080,"viewport_width":1581,"viewport_height":333,"unity_systeminfo_language":"Korean","unity_systeminfo_os":"Windows 10  (10.0.19045) 64bit","unity_systeminfo_graphicsDeviceType":"Direct3D11","unity_systeminfo_graphicsDeviceVendor":"Intel","unity_systeminfo_graphicsDeviceName":"Intel(R) HD Graphics 620","unity_systeminfo_deviceType":"Desktop","unity_systeminfo_processorType":"Intel(R) Core(TM) i3-7100U CPU @ 2.40GHz"},"timestamp":"2025-02-04T07:55:25.0167254Z"},{"event":"signin","properties":{"$set":{"sdk_region_id":"ko-KR","sdk_region_name":"South Korea","sdk_language":"Korean","sdk_os_architecture":"X64","sdk_time_zone":"Korea Standard Time","product_version":"1.0.1","product_user_email":"a01092099573@gmail.com"},"$os":"WINDOWS","$os_name":"WINDOWS","$session_id":"fb83b7e9-cdbf-4b85-aaee-8d75b06981c4_ea2d657a-a6b2-4a96-92a4-854f9a92c951","distinct_id":"a01092099573@gmail.com","product_name":"UModeler Hub","product_version":"1.0.1","platform_name":"Unity","platform_version":"6000.0.24f1","screen_width":1920,"screen_height":1080,"viewport_width":1581,"viewport_height":333,"unity_systeminfo_language":"Korean","unity_systeminfo_os":"Windows 10  (10.0.19045) 64bit","unity_systeminfo_graphicsDeviceType":"Direct3D11","unity_systeminfo_graphicsDeviceVendor":"Intel","unity_systeminfo_graphicsDeviceName":"Intel(R) HD Graphics 620","unity_systeminfo_deviceType":"Desktop","unity_systeminfo_processorType":"Intel(R) Core(TM) i3-7100U CPU @ 2.40GHz"},"timestamp":"2025-02-04T07:55:25.058514Z"},{"event":"$identify","properties":{"$set":{"sdk_region_id":"ko-KR","sdk_region_name":"South Korea","sdk_language":"Korean","sdk_os_architecture":"X64","sdk_time_zone":"Korea Standard Time","product_version":"1.0.1"},"$os":"WINDOWS","$os_name":"WINDOWS","$session_id":"fb83b7e9-cdbf-4b85-aaee-8d75b06981c4_ea2d657a-a6b2-4a96-92a4-854f9a92c951","distinct_id":"a01092099573@gmail.com","product_name":"UModeler Hub","product_version":"1.0.1","platform_name":"Unity","platform_version":"6000.0.24f1","screen_width":1920,"screen_height":1080,"viewport_width":1581,"viewport_height":333,"unity_systeminfo_language":"Korean","unity_systeminfo_os":"Windows 10  (10.0.19045) 64bit","unity_systeminfo_graphicsDeviceType":"Direct3D11","unity_systeminfo_graphicsDeviceVendor":"Intel","unity_systeminfo_graphicsDeviceName":"Intel(R) HD Graphics 620","unity_systeminfo_deviceType":"Desktop","unity_systeminfo_processorType":"Intel(R) Core(TM) i3-7100U CPU @ 2.40GHz"},"timestamp":"2025-02-04T07:55:25.0594623Z"},{"event":"page_view","properties":{"$set":{"sdk_region_id":"ko-KR","sdk_region_name":"South Korea","sdk_language":"Korean","sdk_os_architecture":"X64","sdk_time_zone":"Korea Standard Time","product_version":"1.0.1"},"$os":"WINDOWS","$os_name":"WINDOWS","$session_id":"fb83b7e9-cdbf-4b85-aaee-8d75b06981c4_ea2d657a-a6b2-4a96-92a4-854f9a92c951","distinct_id":"a01092099573@gmail.com","product_name":"UModeler Hub","product_version":"1.0.1","platform_name":"Unity","platform_version":"6000.0.24f1","screen_width":1920,"screen_height":1080,"viewport_width":1581,"viewport_height":333,"unity_systeminfo_language":"Korean","unity_systeminfo_os":"Windows 10  (10.0.19045) 64bit","unity_systeminfo_graphicsDeviceType":"Direct3D11","unity_systeminfo_graphicsDeviceVendor":"Intel","unity_systeminfo_graphicsDeviceName":"Intel(R) HD Graphics 620","unity_systeminfo_deviceType":"Desktop","unity_systeminfo_processorType":"Intel(R) Core(TM) i3-7100U CPU @ 2.40GHz","type":"HomePage","scope":"HubWindow","data_context":"HubHomeViewModel"},"timestamp":"2025-02-04T07:55:25.077255Z"},{"event":"page_view","properties":{"$set":{"sdk_region_id":"ko-KR","sdk_region_name":"South Korea","sdk_language":"Korean","sdk_os_architecture":"X64","sdk_time_zone":"Korea Standard Time","product_version":"1.0.1"},"$os":"WINDOWS","$os_name":"WINDOWS","$session_id":"fb83b7e9-cdbf-4b85-aaee-8d75b06981c4_ea2d657a-a6b2-4a96-92a4-854f9a92c951","distinct_id":"a01092099573@gmail.com","product_name":"UModeler Hub","product_version":"1.0.1","platform_name":"Unity","platform_version":"6000.0.24f1","screen_width":1920,"screen_height":1080,"viewport_width":1581,"viewport_height":333,"unity_systeminfo_language":"Korean","unity_systeminfo_os":"Windows 10  (10.0.19045) 64bit","unity_systeminfo_graphicsDeviceType":"Direct3D11","unity_systeminfo_graphicsDeviceVendor":"Intel","unity_systeminfo_graphicsDeviceName":"Intel(R) HD Graphics 620","unity_systeminfo_deviceType":"Desktop","unity_systeminfo_processorType":"Intel(R) Core(TM) i3-7100U CPU @ 2.40GHz","type":"InvoicePage","scope":"HubWindow","data_context":"HubRegistInvoiceViewModel"},"timestamp":"2025-02-04T07:55:25.085901Z"}]}
[2025-02-04 오후 4:55:32] [Debug] [HubAnalytics] PosthogClient.BatchAsync: Sent 5 queue item(s).
[2025-02-04 오후 4:55:43] [Debug] [HubAnalytics] PosthogClient.BatchAsync: Sending Queue Items={"api_key":"phc_DQ6tsN03HRXTr9hNBfi3DierOY5Y0SisUxgxjuAmZG5","batch":[{"event":"page_view","properties":{"$set":{"sdk_region_id":"ko-KR","sdk_region_name":"South Korea","sdk_language":"Korean","sdk_os_architecture":"X64","sdk_time_zone":"Korea Standard Time","product_version":"1.0.1"},"$os":"WINDOWS","$os_name":"WINDOWS","$session_id":"fb83b7e9-cdbf-4b85-aaee-8d75b06981c4_ea2d657a-a6b2-4a96-92a4-854f9a92c951","distinct_id":"a01092099573@gmail.com","product_name":"UModeler Hub","product_version":"1.0.1","platform_name":"Unity","platform_version":"6000.0.24f1","screen_width":1920,"screen_height":1080,"viewport_width":1581,"viewport_height":333,"unity_systeminfo_language":"Korean","unity_systeminfo_os":"Windows 10  (10.0.19045) 64bit","unity_systeminfo_graphicsDeviceType":"Direct3D11","unity_systeminfo_graphicsDeviceVendor":"Intel","unity_systeminfo_graphicsDeviceName":"Intel(R) HD Graphics 620","unity_systeminfo_deviceType":"Desktop","unity_systeminfo_processorType":"Intel(R) Core(TM) i3-7100U CPU @ 2.40GHz","type":"HomePage","scope":"HubWindow","data_context":"HubHomeViewModel"},"timestamp":"2025-02-04T07:55:32.8078436Z"},{"event":"action","properties":{"$set":{"sdk_region_id":"ko-KR","sdk_region_name":"South Korea","sdk_language":"Korean","sdk_os_architecture":"X64","sdk_time_zone":"Korea Standard Time","product_version":"1.0.1"},"$os":"WINDOWS","$os_name":"WINDOWS","$session_id":"fb83b7e9-cdbf-4b85-aaee-8d75b06981c4_ea2d657a-a6b2-4a96-92a4-854f9a92c951","distinct_id":"a01092099573@gmail.com","product_name":"UModeler Hub","product_version":"1.0.1","platform_name":"Unity","platform_version":"6000.0.24f1","screen_width":1920,"screen_height":1080,"viewport_width":1581,"viewport_height":333,"unity_systeminfo_language":"Korean","unity_systeminfo_os":"Windows 10  (10.0.19045) 64bit","unity_systeminfo_graphicsDeviceType":"Direct3D11","unity_systeminfo_graphicsDeviceVendor":"Intel","unity_systeminfo_graphicsDeviceName":"Intel(R) HD Graphics 620","unity_systeminfo_deviceType":"Desktop","unity_systeminfo_processorType":"Intel(R) Core(TM) i3-7100U CPU @ 2.40GHz","type":"InvoicePage.Later","scope":"HubWindow","data_context":"Tripolygon.UModeler.Hub.Views.Hubs.HubRegistInvoiceViewModel"},"timestamp":"2025-02-04T07:55:32.8136986Z"}]}
[2025-02-04 오후 4:55:43] [Debug] [HubAnalytics] PosthogClient.BatchAsync: Sent 2 queue item(s).
[2025-02-04 오후 4:55:53] [Information] [Authentication] Request TraceId=7e6a5b9277ad4c84974aecf45a9b2496, Uri=https://api.umodeler.com/resources/api/v1/packages/UModelerX/download?productVersionId=555
[2025-02-04 오후 4:55:53] [Debug] [HubAnalytics] PosthogClient.BatchAsync: Sending Queue Items={"api_key":"phc_DQ6tsN03HRXTr9hNBfi3DierOY5Y0SisUxgxjuAmZG5","batch":[{"event":"action","properties":{"$set":{"sdk_region_id":"ko-KR","sdk_region_name":"South Korea","sdk_language":"Korean","sdk_os_architecture":"X64","sdk_time_zone":"Korea Standard Time","product_version":"1.0.1"},"$os":"WINDOWS","$os_name":"WINDOWS","$session_id":"fb83b7e9-cdbf-4b85-aaee-8d75b06981c4_ea2d657a-a6b2-4a96-92a4-854f9a92c951","distinct_id":"a01092099573@gmail.com","product_name":"UModeler Hub","product_version":"1.0.1","platform_name":"Unity","platform_version":"6000.0.24f1","screen_width":1920,"screen_height":1080,"viewport_width":1581,"viewport_height":333,"unity_systeminfo_language":"Korean","unity_systeminfo_os":"Windows 10  (10.0.19045) 64bit","unity_systeminfo_graphicsDeviceType":"Direct3D11","unity_systeminfo_graphicsDeviceVendor":"Intel","unity_systeminfo_graphicsDeviceName":"Intel(R) HD Graphics 620","unity_systeminfo_deviceType":"Desktop","unity_systeminfo_processorType":"Intel(R) Core(TM) i3-7100U CPU @ 2.40GHz","type":"HomePage.All Products.Install","scope":"HubWindow","data_context":"Tripolygon.UModeler.Hub.Views.Hubs.Homes.ProductItemViewModel"},"timestamp":"2025-02-04T07:55:53.2812145Z"}]}
[2025-02-04 오후 4:55:53] [Debug] [HubAnalytics] PosthogClient.BatchAsync: Sent 1 queue item(s).
[2025-02-04 오후 5:01:15] [Debug] [Application] Release: isReloading=True
[2025-02-04 오후 5:01:16] [Debug] [Application] Service Release: Tripolygon.UModeler.Hub.Views.SceneViews.HubSceneViewService
[2025-02-04 오후 5:01:16] [Debug] [Application] Service Release: Tripolygon.UModeler.Hub.Noticies.NoticeService
[2025-02-04 오후 5:01:16] [Debug] [Application] Service Release: Tripolygon.UModeler.Hub.Notifications.UpdateProductNotifier
[2025-02-04 오후 5:01:16] [Debug] [Application] Service Release: Tripolygon.UModeler.Hub.Notifications.UpdateHubNotifier
[2025-02-04 오후 5:01:16] [Debug] [Application] Service Release: Tripolygon.UModeler.Hub.VSAttributionService
[2025-02-04 오후 5:01:16] [Debug] [HubAnalytics] PosthogClient.SetAutoFlush: Value Changed: False
[2025-02-04 오후 5:01:16] [Debug] [Application] Service Release: Tripolygon.UModeler.Hub.HubAnalyticsService
[2025-02-04 오후 5:01:16] [Debug] [Application] Service Release: Tripolygon.UModeler.Hub.HubFlashService
[2025-02-04 오후 5:01:16] [Debug] [Application] Service Release: Tripolygon.UModeler.Editor.UI.UnityEditorApplicationUtilityService
[2025-02-04 오후 5:01:16] [Debug] [Application] Service Release: Tripolygon.UModeler.Hub.HubService
[2025-02-04 오후 5:01:16] [Debug] [Application] Service Release: Tripolygon.UModeler.Editor.UI.UnityEditorApplicationCache
[2025-02-04 오후 5:01:16] [Debug] [Application] Service Release: Tripolygon.UModeler.Hub.HubAuthentication
[2025-02-04 오후 5:01:17] [Debug] [ModelessViewModelBase] OnBeforeSerialize: 'Tripolygon.UModeler.Hub.Views.Hubs.HubEditorViewModel'
[2025-02-04 오후 5:01:17] [Debug] [ModelessViewModelBase] OnBeforeSerialize: 'Tripolygon.UModeler.Hub.Views.Hubs.HubEditorViewModel'
[2025-02-04 오후 5:01:23] [Debug] [ModelessViewModelBase] OnAfterDeserialize: 'Tripolygon.UModeler.Hub.Views.Hubs.HubEditorViewModel'
[2025-02-04 오후 5:01:29] [Debug] [Application] service: Tripolygon.UModeler.Hub.HubAuthentication = Tripolygon.UModeler.Hub.HubAuthentication
[2025-02-04 오후 5:01:29] [Debug] [Application] service: Tripolygon.UModeler.UI.IApplicationCache = Tripolygon.UModeler.Editor.UI.UnityEditorApplicationCache
[2025-02-04 오후 5:01:29] [Debug] [Application] service: Tripolygon.UModeler.Hub.IHubService = Tripolygon.UModeler.Hub.HubService
[2025-02-04 오후 5:01:29] [Debug] [Application] service: Tripolygon.UModeler.Authentication.IAuthenticationApiProvider = Tripolygon.UModeler.Editor.AuthenticationApiProviderService
[2025-02-04 오후 5:01:29] [Debug] [Application] service: Tripolygon.UModeler.UI.ITextureProvider = Tripolygon.UModeler.Editor.UI.UnityEditorTextureProvider
[2025-02-04 오후 5:01:29] [Debug] [Application] service: Tripolygon.UModeler.UI.IObjectHierarchyService = Tripolygon.UModeler.Editor.UI.UnityEditorObjectHierarchyService
[2025-02-04 오후 5:01:29] [Debug] [Application] service: Tripolygon.UModeler.UI.IApplicationUtilityService = Tripolygon.UModeler.Editor.UI.UnityEditorApplicationUtilityService
[2025-02-04 오후 5:01:29] [Debug] [Application] service: Tripolygon.UModeler.Editor.UI.ApplicationSettings = Tripolygon.UModeler.Editor.UI.ApplicationSettings
[2025-02-04 오후 5:01:29] [Debug] [Application] service: Tripolygon.UModeler.Hub.Resources.IResourcesApiProvider = Tripolygon.UModeler.Hub.ResourcesApiProviderService
[2025-02-04 오후 5:01:29] [Debug] [Application] service: Tripolygon.UModeler.Hub.HubFlashService = Tripolygon.UModeler.Hub.HubFlashService
[2025-02-04 오후 5:01:29] [Debug] [Application] service: Tripolygon.UModeler.Hub.IHubAnalyticsService = Tripolygon.UModeler.Hub.HubAnalyticsService
[2025-02-04 오후 5:01:29] [Debug] [Application] service: Tripolygon.UModeler.Hub.VSAttributionService = Tripolygon.UModeler.Hub.VSAttributionService
[2025-02-04 오후 5:01:29] [Debug] [Application] service: Tripolygon.UModeler.Hub.Notifications.UpdateHubNotifier = Tripolygon.UModeler.Hub.Notifications.UpdateHubNotifier
[2025-02-04 오후 5:01:29] [Debug] [Application] service: Tripolygon.UModeler.Hub.Notifications.UpdateProductNotifier = Tripolygon.UModeler.Hub.Notifications.UpdateProductNotifier
[2025-02-04 오후 5:01:29] [Debug] [Application] service: Tripolygon.UModeler.Hub.INoticeService = Tripolygon.UModeler.Hub.Noticies.NoticeService
[2025-02-04 오후 5:01:29] [Debug] [Application] service: Tripolygon.UModeler.Hub.Views.SceneViews.HubSceneViewService = Tripolygon.UModeler.Hub.Views.SceneViews.HubSceneViewService
[2025-02-04 오후 5:01:33] [Debug] [Application] Initialize: isReloading=True
[2025-02-04 오후 5:01:33] [Information] [Authentication] Request TraceId=4651baee84624c7db94d3a1493c52f0b, Uri=https://api.umodeler.com/identity/api/v1/auth/verify
[2025-02-04 오후 5:01:33] [Debug] [Application] Service Initialize: Tripolygon.UModeler.Hub.HubAuthentication
[2025-02-04 오후 5:01:33] [Debug] [Application] Service Initialize: Tripolygon.UModeler.Editor.UI.UnityEditorApplicationCache
[2025-02-04 오후 5:01:33] [Error] [HubService] 
(Filename:  Line: 0)

ArgumentException: An item with the same key has already been added. Key: com.tripolygon.umodeler-x
  at System.Collections.Generic.Dictionary`2[TKey,TValue].TryInsert (TKey key, TValue value, System.Collections.Generic.InsertionBehavior behavior) [0x0015a] in <321eb2db7c6d43ea8fc39b54eaca3452>:0 
  at System.Collections.Generic.Dictionary`2[TKey,TValue].Add (TKey key, TValue value) [0x00000] in <321eb2db7c6d43ea8fc39b54eaca3452>:0 
  at Tripolygon.UModeler.Hub.HubService.RestoreState () [0x000a4] in <9ac8cf8e8e2d415b9f7940a61471d6a7>:0 
Tripolygon.UModeler.Loggings.UMLogger:ErrorException(Exception, String[])
Tripolygon.UModeler.Hub.HubService:RestoreState()
Tripolygon.UModeler.Hub.<OnInitialize>d__38:MoveNext()
System.Runtime.CompilerServices.AsyncVoidMethodBuilder:Start(<OnInitialize>d__38&)
Tripolygon.UModeler.Hub.HubService:OnInitialize(Boolean, Boolean)
Tripolygon.UModeler.UI.ApplicationServiceBase:Application_Initialized(Object, ApplicationInitializedEventArgs)
Tripolygon.UModeler.UI.Application:Initialize(Boolean, Boolean)
Tripolygon.UModeler.Editor.UI.<>c:<.cctor>b__5_0()
UnityEditor.AssemblyReloadEvents:OnAfterAssemblyReload()

[2025-02-04 오후 5:01:33] [Debug] [Application] Service Initialize: Tripolygon.UModeler.Hub.HubService
[2025-02-04 오후 5:01:33] [Debug] [Application] Service Initialize: Tripolygon.UModeler.Editor.UI.UnityEditorApplicationUtilityService
[2025-02-04 오후 5:01:33] [Debug] [Application] Service Initialize: Tripolygon.UModeler.Hub.HubFlashService
[2025-02-04 오후 5:01:33] [Debug] [HubAnalytics] PosthogClient.SetAutoFlush: Value Changed: True
[2025-02-04 오후 5:01:33] [Debug] [Application] Service Initialize: Tripolygon.UModeler.Hub.HubAnalyticsService
[2025-02-04 오후 5:01:33] [Debug] [Application] Service Initialize: Tripolygon.UModeler.Hub.VSAttributionService
[2025-02-04 오후 5:01:33] [Debug] [Application] Service Initialize: Tripolygon.UModeler.Hub.Notifications.UpdateHubNotifier
[2025-02-04 오후 5:01:33] [Debug] [Application] Service Initialize: Tripolygon.UModeler.Hub.Notifications.UpdateProductNotifier
[2025-02-04 오후 5:01:33] [Debug] [Application] Service Initialize: Tripolygon.UModeler.Hub.Noticies.NoticeService
[2025-02-04 오후 5:01:33] [Debug] [Application] Service Initialize: Tripolygon.UModeler.Hub.Views.SceneViews.HubSceneViewService
[2025-02-04 오후 5:01:48] [Debug] [Application] Release: isReloading=True
[2025-02-04 오후 5:01:48] [Debug] [Application] Service Release: Tripolygon.UModeler.Hub.Views.SceneViews.HubSceneViewService
[2025-02-04 오후 5:01:48] [Debug] [Application] Service Release: Tripolygon.UModeler.Hub.Noticies.NoticeService
[2025-02-04 오후 5:01:48] [Debug] [Application] Service Release: Tripolygon.UModeler.Hub.Notifications.UpdateProductNotifier
[2025-02-04 오후 5:01:48] [Debug] [Application] Service Release: Tripolygon.UModeler.Hub.Notifications.UpdateHubNotifier
[2025-02-04 오후 5:01:48] [Debug] [Application] Service Release: Tripolygon.UModeler.Hub.VSAttributionService
[2025-02-04 오후 5:01:49] [Debug] [Authentication] SignedIn
[2025-02-04 오후 5:01:50] [Information] [Authentication] Request TraceId=32473254aef94311975b0f50fced8d3f, Uri=https://api.umodeler.com/resources/api/v1/packages/UModelerHub/version?branch=main
[2025-02-04 오후 5:01:50] [Debug] [HubAnalytics] OnSignIn
[2025-02-04 오후 5:01:50] [Information] [Authentication] Request TraceId=b5cd41fce7804605b61ed4e8955b36ea, Uri=https://api.umodeler.com/resources/api/v1/packages/UModelerX/version?branch=basic
[2025-02-04 오후 5:01:53] [Debug] [HubAnalytics] PosthogClient.BatchAsync: Sending Queue Items={"api_key":"phc_DQ6tsN03HRXTr9hNBfi3DierOY5Y0SisUxgxjuAmZG5","batch":[{"event":"signin","properties":{"$set":{"sdk_region_id":"ko-KR","sdk_region_name":"South Korea","sdk_language":"Korean","sdk_os_architecture":"X64","sdk_time_zone":"Korea Standard Time","product_version":"1.0.1","product_user_email":"a01092099573@gmail.com"},"$os":"WINDOWS","$os_name":"WINDOWS","$session_id":"409be753-cb63-43ad-8dc5-d6ef7b780de2_3463930c-4727-4f44-ae74-ccfaf5a69e10","distinct_id":"a01092099573@gmail.com","product_name":"UModeler Hub","product_version":"1.0.1","platform_name":"Unity","platform_version":"6000.0.24f1","screen_width":1920,"screen_height":1080,"viewport_width":640,"viewport_height":480,"unity_systeminfo_language":"Korean","unity_systeminfo_os":"Windows 10  (10.0.19045) 64bit","unity_systeminfo_graphicsDeviceType":"Direct3D11","unity_systeminfo_graphicsDeviceVendor":"Intel","unity_systeminfo_graphicsDeviceName":"Intel(R) HD Graphics 620","unity_systeminfo_deviceType":"Desktop","unity_systeminfo_processorType":"Intel(R) Core(TM) i3-7100U CPU @ 2.40GHz"},"timestamp":"2025-02-04T08:01:50.0489962Z"},{"event":"$identify","properties":{"$set":{"sdk_region_id":"ko-KR","sdk_region_name":"South Korea","sdk_language":"Korean","sdk_os_architecture":"X64","sdk_time_zone":"Korea Standard Time","product_version":"1.0.1"},"$os":"WINDOWS","$os_name":"WINDOWS","$session_id":"409be753-cb63-43ad-8dc5-d6ef7b780de2_3463930c-4727-4f44-ae74-ccfaf5a69e10","distinct_id":"a01092099573@gmail.com","product_name":"UModeler Hub","product_version":"1.0.1","platform_name":"Unity","platform_version":"6000.0.24f1","screen_width":1920,"screen_height":1080,"viewport_width":640,"viewport_height":480,"unity_systeminfo_language":"Korean","unity_systeminfo_os":"Windows 10  (10.0.19045) 64bit","unity_systeminfo_graphicsDeviceType":"Direct3D11","unity_systeminfo_graphicsDeviceVendor":"Intel","unity_systeminfo_graphicsDeviceName":"Intel(R) HD Graphics 620","unity_systeminfo_deviceType":"Desktop","unity_systeminfo_processorType":"Intel(R) Core(TM) i3-7100U CPU @ 2.40GHz"},"timestamp":"2025-02-04T08:01:50.0489962Z"}]}
[2025-02-04 오후 5:01:54] [Debug] [HubAnalytics] PosthogClient.BatchAsync: Sent 2 queue item(s).
[2025-02-04 오후 5:01:55] [Information] [Authentication] Request TraceId=1869fc888f86494e8871cba03caec2f6, Uri=https://api.umodeler.com/resources/api/v1/packages/UModelerX/version?branch=plus
[2025-02-04 오후 5:01:56] [Information] [Authentication] Request TraceId=2c7acb7b41fa4e82bd53eade26476079, Uri=https://api.umodeler.com/identity/api/v1/hub/info
[2025-02-04 오후 5:01:57] [Information] [Authentication] Request TraceId=3799b4f5d6c547fbbd105da9c18ead1e, Uri=https://api.umodeler.com/resources/api/v1/resources/user-resources?c=ko&current=1&pageSize=20
[2025-02-04 오후 5:01:58] [Warning] Please rename Method 'Tripolygon.UModeler.Hub.Notification.OnPropertyValidate' to 'OnMessagePropertyValidate'.
[2025-02-04 오후 5:01:58] [Warning] Please rename Method 'Tripolygon.UModeler.Hub.Notification.OnPropertyValidate' to 'OnIDPropertyValidate'.
[2025-02-04 오후 5:01:58] [Warning] Please rename Method 'Tripolygon.UModeler.Hub.Notification.OnPropertyValidate' to 'OnTagPropertyValidate'.
[2025-02-04 오후 5:01:58] [Warning] Please rename Method 'Tripolygon.UModeler.Hub.Notification.OnPropertyValidate' to 'OnIsDisplayableAgainPropertyValidate'.
[2025-02-04 오후 5:02:01] [Debug] [Application] service: Tripolygon.UModeler.Hub.HubAuthentication = Tripolygon.UModeler.Hub.HubAuthentication
[2025-02-04 오후 5:02:01] [Debug] [Application] service: Tripolygon.UModeler.UI.IApplicationCache = Tripolygon.UModeler.Editor.UI.UnityEditorApplicationCache
[2025-02-04 오후 5:02:01] [Debug] [Application] service: Tripolygon.UModeler.Hub.IHubService = Tripolygon.UModeler.Hub.HubService
[2025-02-04 오후 5:02:01] [Debug] [Application] service: Tripolygon.UModeler.Authentication.IAuthenticationApiProvider = Tripolygon.UModeler.Editor.AuthenticationApiProviderService
[2025-02-04 오후 5:02:01] [Debug] [Application] service: Tripolygon.UModeler.UI.ITextureProvider = Tripolygon.UModeler.Editor.UI.UnityEditorTextureProvider
[2025-02-04 오후 5:02:01] [Debug] [Application] service: Tripolygon.UModeler.UI.IObjectHierarchyService = Tripolygon.UModeler.Editor.UI.UnityEditorObjectHierarchyService
[2025-02-04 오후 5:02:01] [Debug] [Application] service: Tripolygon.UModeler.UI.IApplicationUtilityService = Tripolygon.UModeler.Editor.UI.UnityEditorApplicationUtilityService
[2025-02-04 오후 5:02:01] [Debug] [Application] service: Tripolygon.UModeler.Editor.UI.ApplicationSettings = Tripolygon.UModeler.Editor.UI.ApplicationSettings
[2025-02-04 오후 5:02:01] [Debug] [Application] service: Tripolygon.UModeler.Hub.Resources.IResourcesApiProvider = Tripolygon.UModeler.Hub.ResourcesApiProviderService
[2025-02-04 오후 5:02:01] [Debug] [Application] service: Tripolygon.UModeler.Hub.HubFlashService = Tripolygon.UModeler.Hub.HubFlashService
[2025-02-04 오후 5:02:01] [Debug] [Application] service: Tripolygon.UModeler.Hub.IHubAnalyticsService = Tripolygon.UModeler.Hub.HubAnalyticsService
[2025-02-04 오후 5:02:01] [Debug] [Application] service: Tripolygon.UModeler.Hub.VSAttributionService = Tripolygon.UModeler.Hub.VSAttributionService
[2025-02-04 오후 5:02:01] [Debug] [Application] service: Tripolygon.UModeler.Hub.Notifications.UpdateHubNotifier = Tripolygon.UModeler.Hub.Notifications.UpdateHubNotifier
[2025-02-04 오후 5:02:01] [Debug] [Application] service: Tripolygon.UModeler.Hub.Notifications.UpdateProductNotifier = Tripolygon.UModeler.Hub.Notifications.UpdateProductNotifier
[2025-02-04 오후 5:02:01] [Debug] [Application] service: Tripolygon.UModeler.Hub.INoticeService = Tripolygon.UModeler.Hub.Noticies.NoticeService
[2025-02-04 오후 5:02:01] [Debug] [Application] service: Tripolygon.UModeler.Hub.Views.SceneViews.HubSceneViewService = Tripolygon.UModeler.Hub.Views.SceneViews.HubSceneViewService
[2025-02-04 오후 5:02:03] [Debug] [Application] Initialize: isReloading=True
[2025-02-04 오후 5:02:03] [Debug] [Application] Service Initialize: Tripolygon.UModeler.Hub.HubAuthentication
[2025-02-04 오후 5:02:03] [Debug] [Application] Service Initialize: Tripolygon.UModeler.Editor.UI.UnityEditorApplicationCache
[2025-02-04 오후 5:02:03] [Debug] [Application] Service Initialize: Tripolygon.UModeler.Hub.HubService
[2025-02-04 오후 5:02:03] [Debug] [Application] Service Initialize: Tripolygon.UModeler.Editor.UI.UnityEditorApplicationUtilityService
[2025-02-04 오후 5:02:03] [Debug] [Application] Service Initialize: Tripolygon.UModeler.Hub.HubFlashService
[2025-02-04 오후 5:02:03] [Debug] [HubAnalytics] PosthogClient.SetAutoFlush: Value Changed: True
[2025-02-04 오후 5:02:03] [Debug] [Application] Service Initialize: Tripolygon.UModeler.Hub.HubAnalyticsService
[2025-02-04 오후 5:02:03] [Debug] [Application] Service Initialize: Tripolygon.UModeler.Hub.VSAttributionService
[2025-02-04 오후 5:02:03] [Debug] [Application] Service Initialize: Tripolygon.UModeler.Hub.Notifications.UpdateHubNotifier
[2025-02-04 오후 5:02:03] [Debug] [Application] Service Initialize: Tripolygon.UModeler.Hub.Notifications.UpdateProductNotifier
[2025-02-04 오후 5:02:03] [Debug] [Application] Service Initialize: Tripolygon.UModeler.Hub.Noticies.NoticeService
[2025-02-04 오후 5:02:03] [Debug] [Application] Service Initialize: Tripolygon.UModeler.Hub.Views.SceneViews.HubSceneViewService
[2025-02-04 오후 5:02:04] [Debug] [HubAnalytics] PosthogClient.BatchAsync: Sending Queue Items={"api_key":"phc_DQ6tsN03HRXTr9hNBfi3DierOY5Y0SisUxgxjuAmZG5","batch":[{"event":"page_view","properties":{"$set":{"sdk_region_id":"ko-KR","sdk_region_name":"South Korea","sdk_language":"Korean","sdk_os_architecture":"X64","sdk_time_zone":"Korea Standard Time","product_version":"1.0.1"},"$os":"WINDOWS","$os_name":"WINDOWS","$session_id":"409be753-cb63-43ad-8dc5-d6ef7b780de2_3463930c-4727-4f44-ae74-ccfaf5a69e10","distinct_id":"a01092099573@gmail.com","product_name":"UModeler Hub","product_version":"1.0.1","platform_name":"Unity","platform_version":"6000.0.24f1","screen_width":1920,"screen_height":1080,"viewport_width":640,"viewport_height":480,"unity_systeminfo_language":"Korean","unity_systeminfo_os":"Windows 10  (10.0.19045) 64bit","unity_systeminfo_graphicsDeviceType":"Direct3D11","unity_systeminfo_graphicsDeviceVendor":"Intel","unity_systeminfo_graphicsDeviceName":"Intel(R) HD Graphics 620","unity_systeminfo_deviceType":"Desktop","unity_systeminfo_processorType":"Intel(R) Core(TM) i3-7100U CPU @ 2.40GHz","type":"HomePage.All Products","scope":"HubWindow","data_context":"Tripolygon.UModeler.Hub.Views.Hubs.Homes.ProductsViewModel"},"timestamp":"2025-02-04T08:01:54.8897904Z"},{"event":"page_view","properties":{"$set":{"sdk_region_id":"ko-KR","sdk_region_name":"South Korea","sdk_language":"Korean","sdk_os_architecture":"X64","sdk_time_zone":"Korea Standard Time","product_version":"1.0.1"},"$os":"WINDOWS","$os_name":"WINDOWS","$session_id":"409be753-cb63-43ad-8dc5-d6ef7b780de2_3463930c-4727-4f44-ae74-ccfaf5a69e10","distinct_id":"a01092099573@gmail.com","product_name":"UModeler Hub","product_version":"1.0.1","platform_name":"Unity","platform_version":"6000.0.24f1","screen_width":1920,"screen_height":1080,"viewport_width":640,"viewport_height":480,"unity_systeminfo_language":"Korean","unity_systeminfo_os":"Windows 10  (10.0.19045) 64bit","unity_systeminfo_graphicsDeviceType":"Direct3D11","unity_systeminfo_graphicsDeviceVendor":"Intel","unity_systeminfo_graphicsDeviceName":"Intel(R) HD Graphics 620","unity_systeminfo_deviceType":"Desktop","unity_systeminfo_processorType":"Intel(R) Core(TM) i3-7100U CPU @ 2.40GHz","type":"HomePage","scope":"HubWindow","data_context":"HubHomeViewModel"},"timestamp":"2025-02-04T08:01:54.9572338Z"}]}
[2025-02-04 오후 5:02:04] [Debug] [HubAnalytics] PosthogClient.BatchAsync: Sent 2 queue item(s).
[2025-02-04 오후 5:05:14] [Debug] [HubAnalytics] PosthogClient.BatchAsync: Sending Queue Items={"api_key":"phc_DQ6tsN03HRXTr9hNBfi3DierOY5Y0SisUxgxjuAmZG5","batch":[{"event":"open","properties":{"$set":{"sdk_region_id":"ko-KR","sdk_region_name":"South Korea","sdk_language":"Korean","sdk_os_architecture":"X64","sdk_time_zone":"Korea Standard Time","product_version":"1.0.1"},"$os":"WINDOWS","$os_name":"WINDOWS","$session_id":"409be753-cb63-43ad-8dc5-d6ef7b780de2_3463930c-4727-4f44-ae74-ccfaf5a69e10","distinct_id":"a01092099573@gmail.com","product_name":"UModeler Hub","product_version":"1.0.1","platform_name":"Unity","platform_version":"6000.0.24f1","screen_width":1920,"screen_height":1080,"viewport_width":640,"viewport_height":480,"unity_systeminfo_language":"Korean","unity_systeminfo_os":"Windows 10  (10.0.19045) 64bit","unity_systeminfo_graphicsDeviceType":"Direct3D11","unity_systeminfo_graphicsDeviceVendor":"Intel","unity_systeminfo_graphicsDeviceName":"Intel(R) HD Graphics 620","unity_systeminfo_deviceType":"Desktop","unity_systeminfo_processorType":"Intel(R) Core(TM) i3-7100U CPU @ 2.40GHz","type":"HubWindow","data_context":"Tripolygon.UModeler.Hub.Views.Hubs.HubEditorViewModel"},"timestamp":"2025-02-04T08:05:08.3727845Z"},{"event":"page_view","properties":{"$set":{"sdk_region_id":"ko-KR","sdk_region_name":"South Korea","sdk_language":"Korean","sdk_os_architecture":"X64","sdk_time_zone":"Korea Standard Time","product_version":"1.0.1"},"$os":"WINDOWS","$os_name":"WINDOWS","$session_id":"409be753-cb63-43ad-8dc5-d6ef7b780de2_3463930c-4727-4f44-ae74-ccfaf5a69e10","distinct_id":"a01092099573@gmail.com","product_name":"UModeler Hub","product_version":"1.0.1","platform_name":"Unity","platform_version":"6000.0.24f1","screen_width":1920,"screen_height":1080,"viewport_width":640,"viewport_height":480,"unity_systeminfo_language":"Korean","unity_systeminfo_os":"Windows 10  (10.0.19045) 64bit","unity_systeminfo_graphicsDeviceType":"Direct3D11","unity_systeminfo_graphicsDeviceVendor":"Intel","unity_systeminfo_graphicsDeviceName":"Intel(R) HD Graphics 620","unity_systeminfo_deviceType":"Desktop","unity_systeminfo_processorType":"Intel(R) Core(TM) i3-7100U CPU @ 2.40GHz","type":"HomePage.All Products","scope":"HubWindow","data_context":"Tripolygon.UModeler.Hub.Views.Hubs.Homes.ProductsViewModel"},"timestamp":"2025-02-04T08:05:08.5876305Z"},{"event":"page_view","properties":{"$set":{"sdk_region_id":"ko-KR","sdk_region_name":"South Korea","sdk_language":"Korean","sdk_os_architecture":"X64","sdk_time_zone":"Korea Standard Time","product_version":"1.0.1"},"$os":"WINDOWS","$os_name":"WINDOWS","$session_id":"409be753-cb63-43ad-8dc5-d6ef7b780de2_3463930c-4727-4f44-ae74-ccfaf5a69e10","distinct_id":"a01092099573@gmail.com","product_name":"UModeler Hub","product_version":"1.0.1","platform_name":"Unity","platform_version":"6000.0.24f1","screen_width":1920,"screen_height":1080,"viewport_width":640,"viewport_height":480,"unity_systeminfo_language":"Korean","unity_systeminfo_os":"Windows 10  (10.0.19045) 64bit","unity_systeminfo_graphicsDeviceType":"Direct3D11","unity_systeminfo_graphicsDeviceVendor":"Intel","unity_systeminfo_graphicsDeviceName":"Intel(R) HD Graphics 620","unity_systeminfo_deviceType":"Desktop","unity_systeminfo_processorType":"Intel(R) Core(TM) i3-7100U CPU @ 2.40GHz","type":"HomePage","scope":"HubWindow","data_context":"HubHomeViewModel"},"timestamp":"2025-02-04T08:05:08.613828Z"}]}
[2025-02-04 오후 5:05:15] [Debug] [HubAnalytics] PosthogClient.BatchAsync: Sent 3 queue item(s).
[2025-02-04 오후 5:21:09] [Debug] [Application] Release: isReloading=False
[2025-02-04 오후 5:21:09] [Debug] [Application] Service Release: Tripolygon.UModeler.Hub.Views.SceneViews.HubSceneViewService
[2025-02-04 오후 5:21:09] [Debug] [Application] Service Release: Tripolygon.UModeler.Hub.Noticies.NoticeService
[2025-02-04 오후 5:21:09] [Debug] [Application] Service Release: Tripolygon.UModeler.Hub.Notifications.UpdateProductNotifier
[2025-02-04 오후 5:21:09] [Debug] [Application] Service Release: Tripolygon.UModeler.Hub.Notifications.UpdateHubNotifier
[2025-02-04 오후 5:21:09] [Debug] [Application] Service Release: Tripolygon.UModeler.Hub.VSAttributionService
[2025-02-04 오후 5:21:09] [Debug] [HubAnalytics] OnAppEnd
[2025-02-04 오후 5:21:09] [Debug] [HubAnalytics] PosthogClient.SetAutoFlush: Value Changed: False
[2025-02-04 오후 5:21:09] [Debug] [HubAnalytics] PosthogClient.BatchAsync: Sending Queue Items={"api_key":"phc_DQ6tsN03HRXTr9hNBfi3DierOY5Y0SisUxgxjuAmZG5","batch":[{"event":"app end","properties":{"$set":{"sdk_region_id":"ko-KR","sdk_region_name":"South Korea","sdk_language":"Korean","sdk_os_architecture":"X64","sdk_time_zone":"Korea Standard Time","product_version":"1.0.1"},"$os":"WINDOWS","$os_name":"WINDOWS","$session_id":"409be753-cb63-43ad-8dc5-d6ef7b780de2_3463930c-4727-4f44-ae74-ccfaf5a69e10","distinct_id":"a01092099573@gmail.com","product_name":"UModeler Hub","product_version":"1.0.1","platform_name":"Unity","platform_version":"6000.0.24f1","screen_width":1920,"screen_height":1080,"viewport_width":640,"viewport_height":480,"unity_systeminfo_language":"Korean","unity_systeminfo_os":"Windows 10  (10.0.19045) 64bit","unity_systeminfo_graphicsDeviceType":"Direct3D11","unity_systeminfo_graphicsDeviceVendor":"Intel","unity_systeminfo_graphicsDeviceName":"Intel(R) HD Graphics 620","unity_systeminfo_deviceType":"Desktop","unity_systeminfo_processorType":"Intel(R) Core(TM) i3-7100U CPU @ 2.40GHz"},"timestamp":"2025-02-04T08:21:09.4370975Z"}]}
[2025-02-04 오후 5:21:10] [Debug] [HubAnalytics] PosthogClient.BatchAsync: Sent 1 queue item(s).
[2025-02-04 오후 5:21:10] [Debug] [Application] Service Release: Tripolygon.UModeler.Hub.HubAnalyticsService
[2025-02-04 오후 5:21:10] [Debug] [Application] Service Release: Tripolygon.UModeler.Hub.HubFlashService
[2025-02-04 오후 5:21:10] [Debug] [Application] Service Release: Tripolygon.UModeler.Editor.UI.UnityEditorApplicationUtilityService
[2025-02-04 오후 5:21:10] [Debug] [Application] Service Release: Tripolygon.UModeler.Hub.HubService
[2025-02-04 오후 5:21:10] [Debug] [Application] Service Release: Tripolygon.UModeler.Editor.UI.UnityEditorApplicationCache
[2025-02-04 오후 5:21:10] [Debug] [Application] Service Release: Tripolygon.UModeler.Hub.HubAuthentication
