[2025-02-06 오후 4:34:20] [Debug] [Application] service: Tripolygon.UModeler.Hub.HubAuthentication = Tripolygon.UModeler.Hub.HubAuthentication
[2025-02-06 오후 4:34:20] [Debug] [Application] service: Tripolygon.UModeler.UI.IApplicationCache = Tripolygon.UModeler.Editor.UI.UnityEditorApplicationCache
[2025-02-06 오후 4:34:20] [Debug] [Application] service: Tripolygon.UModeler.Hub.IHubService = Tripolygon.UModeler.Hub.HubService
[2025-02-06 오후 4:34:20] [Debug] [Application] service: Tripolygon.UModeler.Authentication.IAuthenticationApiProvider = Tripolygon.UModeler.Editor.AuthenticationApiProviderService
[2025-02-06 오후 4:34:20] [Debug] [Application] service: Tripolygon.UModeler.UI.ITextureProvider = Tripolygon.UModeler.Editor.UI.UnityEditorTextureProvider
[2025-02-06 오후 4:34:20] [Debug] [Application] service: Tripolygon.UModeler.UI.IObjectHierarchyService = Tripolygon.UModeler.Editor.UI.UnityEditorObjectHierarchyService
[2025-02-06 오후 4:34:20] [Debug] [Application] service: Tripolygon.UModeler.UI.IApplicationUtilityService = Tripolygon.UModeler.Editor.UI.UnityEditorApplicationUtilityService
[2025-02-06 오후 4:34:20] [Debug] [Application] service: Tripolygon.UModeler.Editor.UI.ApplicationSettings = Tripolygon.UModeler.Editor.UI.ApplicationSettings
[2025-02-06 오후 4:34:20] [Debug] [Application] service: Tripolygon.UModeler.Hub.Resources.IResourcesApiProvider = Tripolygon.UModeler.Hub.ResourcesApiProviderService
[2025-02-06 오후 4:34:20] [Debug] [Application] service: Tripolygon.UModeler.Hub.HubFlashService = Tripolygon.UModeler.Hub.HubFlashService
[2025-02-06 오후 4:34:20] [Debug] [Application] service: Tripolygon.UModeler.Hub.IHubAnalyticsService = Tripolygon.UModeler.Hub.HubAnalyticsService
[2025-02-06 오후 4:34:20] [Debug] [Application] service: Tripolygon.UModeler.Hub.VSAttributionService = Tripolygon.UModeler.Hub.VSAttributionService
[2025-02-06 오후 4:34:20] [Debug] [Application] service: Tripolygon.UModeler.Hub.Notifications.UpdateHubNotifier = Tripolygon.UModeler.Hub.Notifications.UpdateHubNotifier
[2025-02-06 오후 4:34:20] [Debug] [Application] service: Tripolygon.UModeler.Hub.Notifications.UpdateProductNotifier = Tripolygon.UModeler.Hub.Notifications.UpdateProductNotifier
[2025-02-06 오후 4:34:20] [Debug] [Application] service: Tripolygon.UModeler.Hub.INoticeService = Tripolygon.UModeler.Hub.Noticies.NoticeService
[2025-02-06 오후 4:34:20] [Debug] [Application] service: Tripolygon.UModeler.Hub.Views.SceneViews.HubSceneViewService = Tripolygon.UModeler.Hub.Views.SceneViews.HubSceneViewService
[2025-02-06 오후 4:34:47] [Debug] [Application] Initialize: isReloading=False
[2025-02-06 오후 4:34:47] [Debug] [Application] Service Initialize: Tripolygon.UModeler.Hub.HubAuthentication
[2025-02-06 오후 4:34:47] [Debug] [Application] Service Initialize: Tripolygon.UModeler.Editor.UI.UnityEditorApplicationCache
[2025-02-06 오후 4:34:47] [Debug] [Application] Service Initialize: Tripolygon.UModeler.Hub.HubService
[2025-02-06 오후 4:34:47] [Debug] [Application] Service Initialize: Tripolygon.UModeler.Editor.UI.UnityEditorApplicationUtilityService
[2025-02-06 오후 4:34:47] [Debug] [Application] Service Initialize: Tripolygon.UModeler.Hub.HubFlashService
[2025-02-06 오후 4:34:47] [Debug] [HubAnalytics] PosthogClient.SetAutoFlush: Value Changed: True
[2025-02-06 오후 4:34:47] [Debug] [Application] Service Initialize: Tripolygon.UModeler.Hub.HubAnalyticsService
[2025-02-06 오후 4:34:47] [Debug] [Application] Service Initialize: Tripolygon.UModeler.Hub.VSAttributionService
[2025-02-06 오후 4:34:47] [Debug] [Application] Service Initialize: Tripolygon.UModeler.Hub.Notifications.UpdateHubNotifier
[2025-02-06 오후 4:34:47] [Debug] [Application] Service Initialize: Tripolygon.UModeler.Hub.Notifications.UpdateProductNotifier
[2025-02-06 오후 4:34:47] [Debug] [Application] Service Initialize: Tripolygon.UModeler.Hub.Noticies.NoticeService
[2025-02-06 오후 4:34:47] [Debug] [Application] Service Initialize: Tripolygon.UModeler.Hub.Views.SceneViews.HubSceneViewService
[2025-02-06 오후 4:35:24] [Debug] [HubAnalytics] OnAppStart
[2025-02-06 오후 4:35:28] [Debug] [HubAnalytics] PosthogClient.BatchAsync: Sending Queue Items={"api_key":"phc_DQ6tsN03HRXTr9hNBfi3DierOY5Y0SisUxgxjuAmZG5","batch":[{"event":"app start","properties":{"$set":{"sdk_region_id":"ko-KR","sdk_region_name":"South Korea","sdk_language":"Korean","sdk_os_architecture":"X64","sdk_time_zone":"Korea Standard Time","product_version":"1.0.1","platform_account_id":"anonymous","platform_account_name":"X7RfrCWMXfq45XrS2hEAItDHWuHDtDlZZGVGETQSiOseljD7wJYq9Mx/v8xrGHg+f1Sh0pW3xPkbSq0b6hqCVHwAB7/QbOWyZe2l8EW8bFzaeLf6gMFdgs6QX7zzHKoI2/f4IQj46h6QAvQuo7A15gNExyyq1BvqzSN8T+EGAY9y0oNT1zLkb7XyzHP6vWcVEyK6SmOKKJ/yS5fc0k0Q8nZNQ3Y2k+nGreewtF1z6NwOnWggQnfvAg93Rpx0VTGdpUehm1SEVbNIU5K6PfGiHP72WOQXXCSIj0YofmGtxA0c/PDcgMidnwqMW/5gQcuhjok2PgPUWn7quzH7s+zpGg=="},"$os":"WINDOWS","$os_name":"WINDOWS","$session_id":"4771165b-6df1-4e87-a7b9-6273ec6453f4_e2f7467a-ee9c-4ac0-b412-502ec6bde542","distinct_id":"3233827edcb867f6b4b10f2975c364aa3e4bef21","product_name":"UModeler Hub","product_version":"1.0.1","platform_name":"Unity","platform_version":"6000.0.24f1","screen_width":1920,"screen_height":1080,"viewport_width":640,"viewport_height":480,"unity_systeminfo_language":"Korean","unity_systeminfo_os":"Windows 10  (10.0.19045) 64bit","unity_systeminfo_graphicsDeviceType":"Direct3D11","unity_systeminfo_graphicsDeviceVendor":"Intel","unity_systeminfo_graphicsDeviceName":"Intel(R) HD Graphics 620","unity_systeminfo_deviceType":"Desktop","unity_systeminfo_processorType":"Intel(R) Core(TM) i3-7100U CPU @ 2.40GHz"},"timestamp":"2025-02-06T07:35:24.631656Z"}]}
[2025-02-06 오후 4:35:28] [Debug] [HubAnalytics] PosthogClient.BatchAsync: Sent 1 queue item(s).
[2025-02-06 오후 4:43:22] [Debug] [Application] service: Tripolygon.UModeler.Hub.HubAuthentication = Tripolygon.UModeler.Hub.HubAuthentication
[2025-02-06 오후 4:43:22] [Debug] [Application] service: Tripolygon.UModeler.UI.IApplicationCache = Tripolygon.UModeler.Editor.UI.UnityEditorApplicationCache
[2025-02-06 오후 4:43:22] [Debug] [Application] service: Tripolygon.UModeler.Hub.IHubService = Tripolygon.UModeler.Hub.HubService
[2025-02-06 오후 4:43:22] [Debug] [Application] service: Tripolygon.UModeler.Authentication.IAuthenticationApiProvider = Tripolygon.UModeler.Editor.AuthenticationApiProviderService
[2025-02-06 오후 4:43:22] [Debug] [Application] service: Tripolygon.UModeler.UI.ITextureProvider = Tripolygon.UModeler.Editor.UI.UnityEditorTextureProvider
[2025-02-06 오후 4:43:22] [Debug] [Application] service: Tripolygon.UModeler.UI.IObjectHierarchyService = Tripolygon.UModeler.Editor.UI.UnityEditorObjectHierarchyService
[2025-02-06 오후 4:43:22] [Debug] [Application] service: Tripolygon.UModeler.UI.IApplicationUtilityService = Tripolygon.UModeler.Editor.UI.UnityEditorApplicationUtilityService
[2025-02-06 오후 4:43:22] [Debug] [Application] service: Tripolygon.UModeler.Editor.UI.ApplicationSettings = Tripolygon.UModeler.Editor.UI.ApplicationSettings
[2025-02-06 오후 4:43:22] [Debug] [Application] service: Tripolygon.UModeler.Hub.Resources.IResourcesApiProvider = Tripolygon.UModeler.Hub.ResourcesApiProviderService
[2025-02-06 오후 4:43:22] [Debug] [Application] service: Tripolygon.UModeler.Hub.HubFlashService = Tripolygon.UModeler.Hub.HubFlashService
[2025-02-06 오후 4:43:22] [Debug] [Application] service: Tripolygon.UModeler.Hub.IHubAnalyticsService = Tripolygon.UModeler.Hub.HubAnalyticsService
[2025-02-06 오후 4:43:22] [Debug] [Application] service: Tripolygon.UModeler.Hub.VSAttributionService = Tripolygon.UModeler.Hub.VSAttributionService
[2025-02-06 오후 4:43:22] [Debug] [Application] service: Tripolygon.UModeler.Hub.Notifications.UpdateHubNotifier = Tripolygon.UModeler.Hub.Notifications.UpdateHubNotifier
[2025-02-06 오후 4:43:22] [Debug] [Application] service: Tripolygon.UModeler.Hub.Notifications.UpdateProductNotifier = Tripolygon.UModeler.Hub.Notifications.UpdateProductNotifier
[2025-02-06 오후 4:43:22] [Debug] [Application] service: Tripolygon.UModeler.Hub.INoticeService = Tripolygon.UModeler.Hub.Noticies.NoticeService
[2025-02-06 오후 4:43:22] [Debug] [Application] service: Tripolygon.UModeler.Hub.Views.SceneViews.HubSceneViewService = Tripolygon.UModeler.Hub.Views.SceneViews.HubSceneViewService
[2025-02-06 오후 4:43:24] [Debug] [Application] Initialize: isReloading=False
[2025-02-06 오후 4:43:24] [Debug] [Application] Service Initialize: Tripolygon.UModeler.Hub.HubAuthentication
[2025-02-06 오후 4:43:24] [Debug] [Application] Service Initialize: Tripolygon.UModeler.Editor.UI.UnityEditorApplicationCache
[2025-02-06 오후 4:43:24] [Debug] [Application] Service Initialize: Tripolygon.UModeler.Hub.HubService
[2025-02-06 오후 4:43:24] [Debug] [Application] Service Initialize: Tripolygon.UModeler.Editor.UI.UnityEditorApplicationUtilityService
[2025-02-06 오후 4:43:24] [Debug] [Application] Service Initialize: Tripolygon.UModeler.Hub.HubFlashService
[2025-02-06 오후 4:43:24] [Debug] [HubAnalytics] PosthogClient.SetAutoFlush: Value Changed: True
[2025-02-06 오후 4:43:24] [Debug] [Application] Service Initialize: Tripolygon.UModeler.Hub.HubAnalyticsService
[2025-02-06 오후 4:43:24] [Debug] [Application] Service Initialize: Tripolygon.UModeler.Hub.VSAttributionService
[2025-02-06 오후 4:43:24] [Debug] [Application] Service Initialize: Tripolygon.UModeler.Hub.Notifications.UpdateHubNotifier
[2025-02-06 오후 4:43:24] [Debug] [Application] Service Initialize: Tripolygon.UModeler.Hub.Notifications.UpdateProductNotifier
[2025-02-06 오후 4:43:24] [Debug] [Application] Service Initialize: Tripolygon.UModeler.Hub.Noticies.NoticeService
[2025-02-06 오후 4:43:24] [Debug] [Application] Service Initialize: Tripolygon.UModeler.Hub.Views.SceneViews.HubSceneViewService
[2025-02-06 오후 4:43:29] [Debug] [HubAnalytics] PosthogClient.BatchAsync: Sending Queue Items={"api_key":"phc_DQ6tsN03HRXTr9hNBfi3DierOY5Y0SisUxgxjuAmZG5","batch":[{"event":"open","properties":{"$set":{"sdk_region_id":"ko-KR","sdk_region_name":"South Korea","sdk_language":"Korean","sdk_os_architecture":"X64","sdk_time_zone":"Korea Standard Time","product_version":"1.0.1"},"$os":"WINDOWS","$os_name":"WINDOWS","$session_id":"4771165b-6df1-4e87-a7b9-6273ec6453f4_e2f7467a-ee9c-4ac0-b412-502ec6bde542","distinct_id":"3233827edcb867f6b4b10f2975c364aa3e4bef21","product_name":"UModeler Hub","product_version":"1.0.1","platform_name":"Unity","platform_version":"6000.0.24f1","screen_width":1920,"screen_height":1080,"viewport_width":640,"viewport_height":480,"unity_systeminfo_language":"Korean","unity_systeminfo_os":"Windows 10  (10.0.19045) 64bit","unity_systeminfo_graphicsDeviceType":"Direct3D11","unity_systeminfo_graphicsDeviceVendor":"Intel","unity_systeminfo_graphicsDeviceName":"Intel(R) HD Graphics 620","unity_systeminfo_deviceType":"Desktop","unity_systeminfo_processorType":"Intel(R) Core(TM) i3-7100U CPU @ 2.40GHz","type":"HubWindow","data_context":"Tripolygon.UModeler.Hub.Views.Hubs.HubEditorViewModel"},"timestamp":"2025-02-06T07:43:28.6212985Z"}]}
[2025-02-06 오후 4:43:30] [Debug] [HubAnalytics] PosthogClient.BatchAsync: Sent 1 queue item(s).
[2025-02-06 오후 4:43:35] [Debug] [Authentication] Listen External Provider: http://localhost:55802/
[2025-02-06 오후 4:43:35] [Debug] [Authentication] Started HTTP Listener
[2025-02-06 오후 4:43:40] [Debug] [HubAnalytics] PosthogClient.BatchAsync: Sending Queue Items={"api_key":"phc_DQ6tsN03HRXTr9hNBfi3DierOY5Y0SisUxgxjuAmZG5","batch":[{"event":"page_view","properties":{"$set":{"sdk_region_id":"ko-KR","sdk_region_name":"South Korea","sdk_language":"Korean","sdk_os_architecture":"X64","sdk_time_zone":"Korea Standard Time","product_version":"1.0.1"},"$os":"WINDOWS","$os_name":"WINDOWS","$session_id":"4771165b-6df1-4e87-a7b9-6273ec6453f4_e2f7467a-ee9c-4ac0-b412-502ec6bde542","distinct_id":"3233827edcb867f6b4b10f2975c364aa3e4bef21","product_name":"UModeler Hub","product_version":"1.0.1","platform_name":"Unity","platform_version":"6000.0.24f1","screen_width":1920,"screen_height":1080,"viewport_width":640,"viewport_height":480,"unity_systeminfo_language":"Korean","unity_systeminfo_os":"Windows 10  (10.0.19045) 64bit","unity_systeminfo_graphicsDeviceType":"Direct3D11","unity_systeminfo_graphicsDeviceVendor":"Intel","unity_systeminfo_graphicsDeviceName":"Intel(R) HD Graphics 620","unity_systeminfo_deviceType":"Desktop","unity_systeminfo_processorType":"Intel(R) Core(TM) i3-7100U CPU @ 2.40GHz","type":"HomePage.All Products","scope":"HubWindow","data_context":"Tripolygon.UModeler.Hub.Views.Hubs.Homes.ProductsViewModel"},"timestamp":"2025-02-06T07:43:29.2849797Z"},{"event":"page_view","properties":{"$set":{"sdk_region_id":"ko-KR","sdk_region_name":"South Korea","sdk_language":"Korean","sdk_os_architecture":"X64","sdk_time_zone":"Korea Standard Time","product_version":"1.0.1"},"$os":"WINDOWS","$os_name":"WINDOWS","$session_id":"4771165b-6df1-4e87-a7b9-6273ec6453f4_e2f7467a-ee9c-4ac0-b412-502ec6bde542","distinct_id":"3233827edcb867f6b4b10f2975c364aa3e4bef21","product_name":"UModeler Hub","product_version":"1.0.1","platform_name":"Unity","platform_version":"6000.0.24f1","screen_width":1920,"screen_height":1080,"viewport_width":640,"viewport_height":480,"unity_systeminfo_language":"Korean","unity_systeminfo_os":"Windows 10  (10.0.19045) 64bit","unity_systeminfo_graphicsDeviceType":"Direct3D11","unity_systeminfo_graphicsDeviceVendor":"Intel","unity_systeminfo_graphicsDeviceName":"Intel(R) HD Graphics 620","unity_systeminfo_deviceType":"Desktop","unity_systeminfo_processorType":"Intel(R) Core(TM) i3-7100U CPU @ 2.40GHz","type":"EmailPage","scope":"HubWindow","data_context":"HubSignInViewModel"},"timestamp":"2025-02-06T07:43:29.3565901Z"},{"event":"action","properties":{"$set":{"sdk_region_id":"ko-KR","sdk_region_name":"South Korea","sdk_language":"Korean","sdk_os_architecture":"X64","sdk_time_zone":"Korea Standard Time","product_version":"1.0.1"},"$os":"WINDOWS","$os_name":"WINDOWS","$session_id":"4771165b-6df1-4e87-a7b9-6273ec6453f4_e2f7467a-ee9c-4ac0-b412-502ec6bde542","distinct_id":"3233827edcb867f6b4b10f2975c364aa3e4bef21","product_name":"UModeler Hub","product_version":"1.0.1","platform_name":"Unity","platform_version":"6000.0.24f1","screen_width":1920,"screen_height":1080,"viewport_width":640,"viewport_height":480,"unity_systeminfo_language":"Korean","unity_systeminfo_os":"Windows 10  (10.0.19045) 64bit","unity_systeminfo_graphicsDeviceType":"Direct3D11","unity_systeminfo_graphicsDeviceVendor":"Intel","unity_systeminfo_graphicsDeviceName":"Intel(R) HD Graphics 620","unity_systeminfo_deviceType":"Desktop","unity_systeminfo_processorType":"Intel(R) Core(TM) i3-7100U CPU @ 2.40GHz","type":"EmailPage.KeepMeSignedIn","scope":"HubWindow","data_context":"Tripolygon.UModeler.Hub.Views.Hubs.HubSignInViewModel"},"timestamp":"2025-02-06T07:43:33.2989316Z"},{"event":"action","properties":{"$set":{"sdk_region_id":"ko-KR","sdk_region_name":"South Korea","sdk_language":"Korean","sdk_os_architecture":"X64","sdk_time_zone":"Korea Standard Time","product_version":"1.0.1"},"$os":"WINDOWS","$os_name":"WINDOWS","$session_id":"4771165b-6df1-4e87-a7b9-6273ec6453f4_e2f7467a-ee9c-4ac0-b412-502ec6bde542","distinct_id":"3233827edcb867f6b4b10f2975c364aa3e4bef21","product_name":"UModeler Hub","product_version":"1.0.1","platform_name":"Unity","platform_version":"6000.0.24f1","screen_width":1920,"screen_height":1080,"viewport_width":640,"viewport_height":480,"unity_systeminfo_language":"Korean","unity_systeminfo_os":"Windows 10  (10.0.19045) 64bit","unity_systeminfo_graphicsDeviceType":"Direct3D11","unity_systeminfo_graphicsDeviceVendor":"Intel","unity_systeminfo_graphicsDeviceName":"Intel(R) HD Graphics 620","unity_systeminfo_deviceType":"Desktop","unity_systeminfo_processorType":"Intel(R) Core(TM) i3-7100U CPU @ 2.40GHz","type":"EmailPage.SignInWithGoogle","scope":"HubWindow","data_context":"Tripolygon.UModeler.Hub.Views.Hubs.HubSignInViewModel"},"timestamp":"2025-02-06T07:43:35.0689115Z"}]}
[2025-02-06 오후 4:43:40] [Debug] [HubAnalytics] PosthogClient.BatchAsync: Sent 4 queue item(s).
[2025-02-06 오후 4:43:48] [Debug] [Authentication] Begin Request: OPTIONS http://localhost:55802/signin-callback
[2025-02-06 오후 4:43:48] [Debug] [Authentication] End Request: OPTIONS http://localhost:55802/signin-callback
[2025-02-06 오후 4:43:48] [Debug] [Authentication] Begin Request: POST http://localhost:55802/signin-callback
[2025-02-06 오후 4:43:48] [Debug] [Authentication] End Request: POST http://localhost:55802/signin-callback
[2025-02-06 오후 4:43:48] [Information] [Authentication] Request TraceId=472bfeb7afc74f4ab4780f1576f6e44e, Uri=https://api.umodeler.com/identity/api/v1/auth/signin
[2025-02-06 오후 4:43:49] [Debug] [Authentication] SignedIn
[2025-02-06 오후 4:43:49] [Information] [Authentication] Request TraceId=bce697c1522743568dac7344c20128a9, Uri=https://api.umodeler.com/resources/api/v1/packages/UModelerHub/version?branch=main
[2025-02-06 오후 4:43:49] [Debug] [HubAnalytics] OnSignIn
[2025-02-06 오후 4:43:50] [Debug] [HubAnalytics] PosthogClient.BatchAsync: Sending Queue Items={"api_key":"phc_DQ6tsN03HRXTr9hNBfi3DierOY5Y0SisUxgxjuAmZG5","batch":[{"event":"signin","properties":{"$set":{"sdk_region_id":"ko-KR","sdk_region_name":"South Korea","sdk_language":"Korean","sdk_os_architecture":"X64","sdk_time_zone":"Korea Standard Time","product_version":"1.0.1","product_user_email":"a01092099573@gmail.com"},"$os":"WINDOWS","$os_name":"WINDOWS","$session_id":"4771165b-6df1-4e87-a7b9-6273ec6453f4_e2f7467a-ee9c-4ac0-b412-502ec6bde542","distinct_id":"a01092099573@gmail.com","product_name":"UModeler Hub","product_version":"1.0.1","platform_name":"Unity","platform_version":"6000.0.24f1","screen_width":1920,"screen_height":1080,"viewport_width":640,"viewport_height":480,"unity_systeminfo_language":"Korean","unity_systeminfo_os":"Windows 10  (10.0.19045) 64bit","unity_systeminfo_graphicsDeviceType":"Direct3D11","unity_systeminfo_graphicsDeviceVendor":"Intel","unity_systeminfo_graphicsDeviceName":"Intel(R) HD Graphics 620","unity_systeminfo_deviceType":"Desktop","unity_systeminfo_processorType":"Intel(R) Core(TM) i3-7100U CPU @ 2.40GHz"},"timestamp":"2025-02-06T07:43:49.7716741Z"},{"event":"$identify","properties":{"$set":{"sdk_region_id":"ko-KR","sdk_region_name":"South Korea","sdk_language":"Korean","sdk_os_architecture":"X64","sdk_time_zone":"Korea Standard Time","product_version":"1.0.1"},"$os":"WINDOWS","$os_name":"WINDOWS","$session_id":"4771165b-6df1-4e87-a7b9-6273ec6453f4_e2f7467a-ee9c-4ac0-b412-502ec6bde542","distinct_id":"a01092099573@gmail.com","product_name":"UModeler Hub","product_version":"1.0.1","platform_name":"Unity","platform_version":"6000.0.24f1","screen_width":1920,"screen_height":1080,"viewport_width":640,"viewport_height":480,"unity_systeminfo_language":"Korean","unity_systeminfo_os":"Windows 10  (10.0.19045) 64bit","unity_systeminfo_graphicsDeviceType":"Direct3D11","unity_systeminfo_graphicsDeviceVendor":"Intel","unity_systeminfo_graphicsDeviceName":"Intel(R) HD Graphics 620","unity_systeminfo_deviceType":"Desktop","unity_systeminfo_processorType":"Intel(R) Core(TM) i3-7100U CPU @ 2.40GHz"},"timestamp":"2025-02-06T07:43:49.7716741Z"},{"event":"page_view","properties":{"$set":{"sdk_region_id":"ko-KR","sdk_region_name":"South Korea","sdk_language":"Korean","sdk_os_architecture":"X64","sdk_time_zone":"Korea Standard Time","product_version":"1.0.1"},"$os":"WINDOWS","$os_name":"WINDOWS","$session_id":"4771165b-6df1-4e87-a7b9-6273ec6453f4_e2f7467a-ee9c-4ac0-b412-502ec6bde542","distinct_id":"a01092099573@gmail.com","product_name":"UModeler Hub","product_version":"1.0.1","platform_name":"Unity","platform_version":"6000.0.24f1","screen_width":1920,"screen_height":1080,"viewport_width":640,"viewport_height":480,"unity_systeminfo_language":"Korean","unity_systeminfo_os":"Windows 10  (10.0.19045) 64bit","unity_systeminfo_graphicsDeviceType":"Direct3D11","unity_systeminfo_graphicsDeviceVendor":"Intel","unity_systeminfo_graphicsDeviceName":"Intel(R) HD Graphics 620","unity_systeminfo_deviceType":"Desktop","unity_systeminfo_processorType":"Intel(R) Core(TM) i3-7100U CPU @ 2.40GHz","type":"HomePage","scope":"HubWindow","data_context":"HubHomeViewModel"},"timestamp":"2025-02-06T07:43:49.8072011Z"}]}
[2025-02-06 오후 4:43:50] [Information] [Authentication] Request TraceId=e166bf26cb51482484b6b5e306d530e5, Uri=https://api.umodeler.com/resources/api/v1/packages/UModelerX/version?branch=basic
[2025-02-06 오후 4:43:50] [Debug] [HubAnalytics] PosthogClient.BatchAsync: Sent 3 queue item(s).
[2025-02-06 오후 4:43:50] [Information] [Authentication] Request TraceId=d11542944cda4c439e2c74ef8435e327, Uri=https://api.umodeler.com/resources/api/v1/packages/UModelerX/version?branch=plus
[2025-02-06 오후 4:43:51] [Information] [Authentication] Request TraceId=263406aecb794a67bbda6f26a0483ac6, Uri=https://api.umodeler.com/identity/api/v1/hub/info
[2025-02-06 오후 4:43:51] [Information] [Authentication] Request TraceId=e705238224c548999ddbff637177eaf1, Uri=https://api.umodeler.com/resources/api/v1/resources/user-resources?c=ko&current=1&pageSize=20
[2025-02-06 오후 4:43:52] [Warning] Please rename Method 'Tripolygon.UModeler.Hub.Notification.OnPropertyValidate' to 'OnMessagePropertyValidate'.
[2025-02-06 오후 4:43:52] [Warning] Please rename Method 'Tripolygon.UModeler.Hub.Notification.OnPropertyValidate' to 'OnIDPropertyValidate'.
[2025-02-06 오후 4:43:52] [Warning] Please rename Method 'Tripolygon.UModeler.Hub.Notification.OnPropertyValidate' to 'OnTagPropertyValidate'.
[2025-02-06 오후 4:43:52] [Warning] Please rename Method 'Tripolygon.UModeler.Hub.Notification.OnPropertyValidate' to 'OnIsDisplayableAgainPropertyValidate'.
[2025-02-06 오후 5:03:42] [Debug] [Application] Release: isReloading=False
[2025-02-06 오후 5:03:42] [Debug] [Application] Service Release: Tripolygon.UModeler.Hub.Views.SceneViews.HubSceneViewService
[2025-02-06 오후 5:03:42] [Debug] [Application] Service Release: Tripolygon.UModeler.Hub.Noticies.NoticeService
[2025-02-06 오후 5:03:42] [Debug] [Application] Service Release: Tripolygon.UModeler.Hub.Notifications.UpdateProductNotifier
[2025-02-06 오후 5:03:42] [Debug] [Application] Service Release: Tripolygon.UModeler.Hub.Notifications.UpdateHubNotifier
[2025-02-06 오후 5:03:42] [Debug] [Application] Service Release: Tripolygon.UModeler.Hub.VSAttributionService
[2025-02-06 오후 5:03:42] [Debug] [HubAnalytics] OnAppEnd
[2025-02-06 오후 5:03:42] [Debug] [HubAnalytics] PosthogClient.SetAutoFlush: Value Changed: False
[2025-02-06 오후 5:03:42] [Debug] [HubAnalytics] PosthogClient.BatchAsync: Sending Queue Items={"api_key":"phc_DQ6tsN03HRXTr9hNBfi3DierOY5Y0SisUxgxjuAmZG5","batch":[{"event":"app end","properties":{"$set":{"sdk_region_id":"ko-KR","sdk_region_name":"South Korea","sdk_language":"Korean","sdk_os_architecture":"X64","sdk_time_zone":"Korea Standard Time","product_version":"1.0.1"},"$os":"WINDOWS","$os_name":"WINDOWS","$session_id":"4771165b-6df1-4e87-a7b9-6273ec6453f4_e2f7467a-ee9c-4ac0-b412-502ec6bde542","distinct_id":"a01092099573@gmail.com","product_name":"UModeler Hub","product_version":"1.0.1","platform_name":"Unity","platform_version":"6000.0.24f1","screen_width":1920,"screen_height":1080,"viewport_width":640,"viewport_height":480,"unity_systeminfo_language":"Korean","unity_systeminfo_os":"Windows 10  (10.0.19045) 64bit","unity_systeminfo_graphicsDeviceType":"Direct3D11","unity_systeminfo_graphicsDeviceVendor":"Intel","unity_systeminfo_graphicsDeviceName":"Intel(R) HD Graphics 620","unity_systeminfo_deviceType":"Desktop","unity_systeminfo_processorType":"Intel(R) Core(TM) i3-7100U CPU @ 2.40GHz"},"timestamp":"2025-02-06T08:03:42.8729113Z"}]}
[2025-02-06 오후 5:03:43] [Debug] [HubAnalytics] PosthogClient.BatchAsync: Sent 1 queue item(s).
[2025-02-06 오후 5:03:43] [Debug] [Application] Service Release: Tripolygon.UModeler.Hub.HubAnalyticsService
[2025-02-06 오후 5:03:43] [Debug] [Application] Service Release: Tripolygon.UModeler.Hub.HubFlashService
[2025-02-06 오후 5:03:43] [Debug] [Application] Service Release: Tripolygon.UModeler.Editor.UI.UnityEditorApplicationUtilityService
[2025-02-06 오후 5:03:43] [Debug] [Application] Service Release: Tripolygon.UModeler.Hub.HubService
[2025-02-06 오후 5:03:43] [Debug] [Application] Service Release: Tripolygon.UModeler.Editor.UI.UnityEditorApplicationCache
[2025-02-06 오후 5:03:43] [Debug] [Application] Service Release: Tripolygon.UModeler.Hub.HubAuthentication
[2025-02-06 오후 6:50:59] [Debug] [Application] service: Tripolygon.UModeler.Hub.HubAuthentication = Tripolygon.UModeler.Hub.HubAuthentication
[2025-02-06 오후 6:50:59] [Debug] [Application] service: Tripolygon.UModeler.UI.IApplicationCache = Tripolygon.UModeler.Editor.UI.UnityEditorApplicationCache
[2025-02-06 오후 6:50:59] [Debug] [Application] service: Tripolygon.UModeler.Hub.IHubService = Tripolygon.UModeler.Hub.HubService
[2025-02-06 오후 6:50:59] [Debug] [Application] service: Tripolygon.UModeler.Authentication.IAuthenticationApiProvider = Tripolygon.UModeler.Editor.AuthenticationApiProviderService
[2025-02-06 오후 6:50:59] [Debug] [Application] service: Tripolygon.UModeler.UI.ITextureProvider = Tripolygon.UModeler.Editor.UI.UnityEditorTextureProvider
[2025-02-06 오후 6:50:59] [Debug] [Application] service: Tripolygon.UModeler.UI.IObjectHierarchyService = Tripolygon.UModeler.Editor.UI.UnityEditorObjectHierarchyService
[2025-02-06 오후 6:50:59] [Debug] [Application] service: Tripolygon.UModeler.UI.IApplicationUtilityService = Tripolygon.UModeler.Editor.UI.UnityEditorApplicationUtilityService
[2025-02-06 오후 6:50:59] [Debug] [Application] service: Tripolygon.UModeler.Editor.UI.ApplicationSettings = Tripolygon.UModeler.Editor.UI.ApplicationSettings
[2025-02-06 오후 6:50:59] [Debug] [Application] service: Tripolygon.UModeler.Hub.Resources.IResourcesApiProvider = Tripolygon.UModeler.Hub.ResourcesApiProviderService
[2025-02-06 오후 6:50:59] [Debug] [Application] service: Tripolygon.UModeler.Hub.HubFlashService = Tripolygon.UModeler.Hub.HubFlashService
[2025-02-06 오후 6:50:59] [Debug] [Application] service: Tripolygon.UModeler.Hub.IHubAnalyticsService = Tripolygon.UModeler.Hub.HubAnalyticsService
[2025-02-06 오후 6:50:59] [Debug] [Application] service: Tripolygon.UModeler.Hub.VSAttributionService = Tripolygon.UModeler.Hub.VSAttributionService
[2025-02-06 오후 6:50:59] [Debug] [Application] service: Tripolygon.UModeler.Hub.Notifications.UpdateHubNotifier = Tripolygon.UModeler.Hub.Notifications.UpdateHubNotifier
[2025-02-06 오후 6:50:59] [Debug] [Application] service: Tripolygon.UModeler.Hub.Notifications.UpdateProductNotifier = Tripolygon.UModeler.Hub.Notifications.UpdateProductNotifier
[2025-02-06 오후 6:50:59] [Debug] [Application] service: Tripolygon.UModeler.Hub.INoticeService = Tripolygon.UModeler.Hub.Noticies.NoticeService
[2025-02-06 오후 6:50:59] [Debug] [Application] service: Tripolygon.UModeler.Hub.Views.SceneViews.HubSceneViewService = Tripolygon.UModeler.Hub.Views.SceneViews.HubSceneViewService
[2025-02-06 오후 6:51:05] [Debug] [Application] Initialize: isReloading=False
[2025-02-06 오후 6:51:06] [Information] [Authentication] Request TraceId=a1d739fb12764c7fa77b7277488872e9, Uri=https://api.umodeler.com/identity/api/v1/auth/verify
[2025-02-06 오후 6:51:06] [Debug] [Application] Service Initialize: Tripolygon.UModeler.Hub.HubAuthentication
[2025-02-06 오후 6:51:06] [Debug] [Application] Service Initialize: Tripolygon.UModeler.Editor.UI.UnityEditorApplicationCache
[2025-02-06 오후 6:51:06] [Debug] [Application] Service Initialize: Tripolygon.UModeler.Hub.HubService
[2025-02-06 오후 6:51:06] [Debug] [Application] Service Initialize: Tripolygon.UModeler.Editor.UI.UnityEditorApplicationUtilityService
[2025-02-06 오후 6:51:06] [Debug] [Application] Service Initialize: Tripolygon.UModeler.Hub.HubFlashService
[2025-02-06 오후 6:51:06] [Debug] [HubAnalytics] PosthogClient.SetAutoFlush: Value Changed: True
[2025-02-06 오후 6:51:06] [Debug] [Application] Service Initialize: Tripolygon.UModeler.Hub.HubAnalyticsService
[2025-02-06 오후 6:51:06] [Debug] [Application] Service Initialize: Tripolygon.UModeler.Hub.VSAttributionService
[2025-02-06 오후 6:51:06] [Debug] [Application] Service Initialize: Tripolygon.UModeler.Hub.Notifications.UpdateHubNotifier
[2025-02-06 오후 6:51:06] [Debug] [Application] Service Initialize: Tripolygon.UModeler.Hub.Notifications.UpdateProductNotifier
[2025-02-06 오후 6:51:06] [Debug] [Application] Service Initialize: Tripolygon.UModeler.Hub.Noticies.NoticeService
[2025-02-06 오후 6:51:06] [Debug] [Application] Service Initialize: Tripolygon.UModeler.Hub.Views.SceneViews.HubSceneViewService
[2025-02-06 오후 6:51:26] [Debug] [HubAnalytics] OnAppStart
[2025-02-06 오후 6:51:26] [Debug] [Authentication] SignedIn
[2025-02-06 오후 6:51:26] [Information] [Authentication] Request TraceId=4d059a94b0974044b728c6983e0eae34, Uri=https://api.umodeler.com/resources/api/v1/packages/UModelerHub/version?branch=main
[2025-02-06 오후 6:51:26] [Debug] [HubAnalytics] OnSignIn
[2025-02-06 오후 6:51:26] [Debug] [HubAnalytics] PosthogClient.BatchAsync: Sending Queue Items={"api_key":"phc_DQ6tsN03HRXTr9hNBfi3DierOY5Y0SisUxgxjuAmZG5","batch":[{"event":"app start","properties":{"$set":{"sdk_region_id":"ko-KR","sdk_region_name":"South Korea","sdk_language":"Korean","sdk_os_architecture":"X64","sdk_time_zone":"Korea Standard Time","product_version":"1.0.1","platform_account_id":"anonymous","platform_account_name":"cTH+Af/W7k4j17hyMKgrTlhjLeF8xr8pCsxOYzwKYMETm+aat6EKyouYmzM6styleU+krnHKDqLNZOUeD1bdLX5DF9wqAgwhnYhX5Ql9d8SO0sOr28VhXGL6Dd4efaSxx8PrpnJ7X2D+hQTLHGCd8J42KNfcV9unJOTqv0+H5CX2b4UE+GsSOR6HP1dXHJWVDzIfpBR+jHrCNpqjh5T4uispcsnXKUnWgfPmt9LeTR/gyHMRR6SNnmYr9K5FACg3ylQhazijzBA9q+IkowVeC4XhVgvw5GvZ8R2A51W60ulyyxOfQmeO5UE7x0YkQbpKzCqXCZ7y6IOY5lm7p965PA=="},"$os":"WINDOWS","$os_name":"WINDOWS","$session_id":"c5449fea-5d5d-462e-9950-3362c345cee9_273e5a69-9c89-4207-80a5-6de699f77517","distinct_id":"3233827edcb867f6b4b10f2975c364aa3e4bef21","product_name":"UModeler Hub","product_version":"1.0.1","platform_name":"Unity","platform_version":"6000.0.24f1","screen_width":1920,"screen_height":1080,"viewport_width":940,"viewport_height":573,"unity_systeminfo_language":"Korean","unity_systeminfo_os":"Windows 10  (10.0.19045) 64bit","unity_systeminfo_graphicsDeviceType":"Direct3D11","unity_systeminfo_graphicsDeviceVendor":"Intel","unity_systeminfo_graphicsDeviceName":"Intel(R) HD Graphics 620","unity_systeminfo_deviceType":"Desktop","unity_systeminfo_processorType":"Intel(R) Core(TM) i3-7100U CPU @ 2.40GHz"},"timestamp":"2025-02-06T09:51:25.9969489Z"},{"event":"signin","properties":{"$set":{"sdk_region_id":"ko-KR","sdk_region_name":"South Korea","sdk_language":"Korean","sdk_os_architecture":"X64","sdk_time_zone":"Korea Standard Time","product_version":"1.0.1","product_user_email":"a01092099573@gmail.com"},"$os":"WINDOWS","$os_name":"WINDOWS","$session_id":"c5449fea-5d5d-462e-9950-3362c345cee9_273e5a69-9c89-4207-80a5-6de699f77517","distinct_id":"a01092099573@gmail.com","product_name":"UModeler Hub","product_version":"1.0.1","platform_name":"Unity","platform_version":"6000.0.24f1","screen_width":1920,"screen_height":1080,"viewport_width":940,"viewport_height":573,"unity_systeminfo_language":"Korean","unity_systeminfo_os":"Windows 10  (10.0.19045) 64bit","unity_systeminfo_graphicsDeviceType":"Direct3D11","unity_systeminfo_graphicsDeviceVendor":"Intel","unity_systeminfo_graphicsDeviceName":"Intel(R) HD Graphics 620","unity_systeminfo_deviceType":"Desktop","unity_systeminfo_processorType":"Intel(R) Core(TM) i3-7100U CPU @ 2.40GHz"},"timestamp":"2025-02-06T09:51:26.1086798Z"},{"event":"$identify","properties":{"$set":{"sdk_region_id":"ko-KR","sdk_region_name":"South Korea","sdk_language":"Korean","sdk_os_architecture":"X64","sdk_time_zone":"Korea Standard Time","product_version":"1.0.1"},"$os":"WINDOWS","$os_name":"WINDOWS","$session_id":"c5449fea-5d5d-462e-9950-3362c345cee9_273e5a69-9c89-4207-80a5-6de699f77517","distinct_id":"a01092099573@gmail.com","product_name":"UModeler Hub","product_version":"1.0.1","platform_name":"Unity","platform_version":"6000.0.24f1","screen_width":1920,"screen_height":1080,"viewport_width":940,"viewport_height":573,"unity_systeminfo_language":"Korean","unity_systeminfo_os":"Windows 10  (10.0.19045) 64bit","unity_systeminfo_graphicsDeviceType":"Direct3D11","unity_systeminfo_graphicsDeviceVendor":"Intel","unity_systeminfo_graphicsDeviceName":"Intel(R) HD Graphics 620","unity_systeminfo_deviceType":"Desktop","unity_systeminfo_processorType":"Intel(R) Core(TM) i3-7100U CPU @ 2.40GHz"},"timestamp":"2025-02-06T09:51:26.1086798Z"}]}
[2025-02-06 오후 6:51:26] [Debug] [HubAnalytics] PosthogClient.BatchAsync: Sent 3 queue item(s).
[2025-02-06 오후 6:51:26] [Information] [Authentication] Request TraceId=8fa1b03d3971490ca6d8fada5e63f3cb, Uri=https://api.umodeler.com/resources/api/v1/packages/UModelerX/version?branch=basic
[2025-02-06 오후 6:51:27] [Information] [Authentication] Request TraceId=e1933f753f8c4688a8c742bd33fb977c, Uri=https://api.umodeler.com/resources/api/v1/packages/UModelerX/version?branch=plus
[2025-02-06 오후 6:51:27] [Information] [Authentication] Request TraceId=22b0673c946f495699c6e61a0b06ef51, Uri=https://api.umodeler.com/identity/api/v1/hub/info
[2025-02-06 오후 6:51:31] [Information] [Authentication] Request TraceId=9d30989496854bc2949f8dda5724cd93, Uri=https://api.umodeler.com/resources/api/v1/resources/user-resources?c=ko&current=1&pageSize=20
[2025-02-06 오후 6:51:32] [Warning] Please rename Method 'Tripolygon.UModeler.Hub.Notification.OnPropertyValidate' to 'OnMessagePropertyValidate'.
[2025-02-06 오후 6:51:32] [Warning] Please rename Method 'Tripolygon.UModeler.Hub.Notification.OnPropertyValidate' to 'OnIDPropertyValidate'.
[2025-02-06 오후 6:51:32] [Warning] Please rename Method 'Tripolygon.UModeler.Hub.Notification.OnPropertyValidate' to 'OnTagPropertyValidate'.
[2025-02-06 오후 6:51:32] [Warning] Please rename Method 'Tripolygon.UModeler.Hub.Notification.OnPropertyValidate' to 'OnIsDisplayableAgainPropertyValidate'.
[2025-02-06 오후 7:47:56] [Debug] [HubAnalytics] PosthogClient.BatchAsync: Sending Queue Items={"api_key":"phc_DQ6tsN03HRXTr9hNBfi3DierOY5Y0SisUxgxjuAmZG5","batch":[{"event":"open","properties":{"$set":{"sdk_region_id":"ko-KR","sdk_region_name":"South Korea","sdk_language":"Korean","sdk_os_architecture":"X64","sdk_time_zone":"Korea Standard Time","product_version":"1.0.1"},"$os":"WINDOWS","$os_name":"WINDOWS","$session_id":"c5449fea-5d5d-462e-9950-3362c345cee9_273e5a69-9c89-4207-80a5-6de699f77517","distinct_id":"a01092099573@gmail.com","product_name":"UModeler Hub","product_version":"1.0.1","platform_name":"Unity","platform_version":"6000.0.24f1","screen_width":1920,"screen_height":1080,"viewport_width":940,"viewport_height":573,"unity_systeminfo_language":"Korean","unity_systeminfo_os":"Windows 10  (10.0.19045) 64bit","unity_systeminfo_graphicsDeviceType":"Direct3D11","unity_systeminfo_graphicsDeviceVendor":"Intel","unity_systeminfo_graphicsDeviceName":"Intel(R) HD Graphics 620","unity_systeminfo_deviceType":"Desktop","unity_systeminfo_processorType":"Intel(R) Core(TM) i3-7100U CPU @ 2.40GHz","type":"HubWindow","data_context":"Tripolygon.UModeler.Hub.Views.Hubs.HubEditorViewModel"},"timestamp":"2025-02-06T10:47:51.4691587Z"},{"event":"page_view","properties":{"$set":{"sdk_region_id":"ko-KR","sdk_region_name":"South Korea","sdk_language":"Korean","sdk_os_architecture":"X64","sdk_time_zone":"Korea Standard Time","product_version":"1.0.1"},"$os":"WINDOWS","$os_name":"WINDOWS","$session_id":"c5449fea-5d5d-462e-9950-3362c345cee9_273e5a69-9c89-4207-80a5-6de699f77517","distinct_id":"a01092099573@gmail.com","product_name":"UModeler Hub","product_version":"1.0.1","platform_name":"Unity","platform_version":"6000.0.24f1","screen_width":1920,"screen_height":1080,"viewport_width":940,"viewport_height":573,"unity_systeminfo_language":"Korean","unity_systeminfo_os":"Windows 10  (10.0.19045) 64bit","unity_systeminfo_graphicsDeviceType":"Direct3D11","unity_systeminfo_graphicsDeviceVendor":"Intel","unity_systeminfo_graphicsDeviceName":"Intel(R) HD Graphics 620","unity_systeminfo_deviceType":"Desktop","unity_systeminfo_processorType":"Intel(R) Core(TM) i3-7100U CPU @ 2.40GHz","type":"HomePage.All Products","scope":"HubWindow","data_context":"Tripolygon.UModeler.Hub.Views.Hubs.Homes.ProductsViewModel"},"timestamp":"2025-02-06T10:47:52.1461343Z"},{"event":"page_view","properties":{"$set":{"sdk_region_id":"ko-KR","sdk_region_name":"South Korea","sdk_language":"Korean","sdk_os_architecture":"X64","sdk_time_zone":"Korea Standard Time","product_version":"1.0.1"},"$os":"WINDOWS","$os_name":"WINDOWS","$session_id":"c5449fea-5d5d-462e-9950-3362c345cee9_273e5a69-9c89-4207-80a5-6de699f77517","distinct_id":"a01092099573@gmail.com","product_name":"UModeler Hub","product_version":"1.0.1","platform_name":"Unity","platform_version":"6000.0.24f1","screen_width":1920,"screen_height":1080,"viewport_width":940,"viewport_height":573,"unity_systeminfo_language":"Korean","unity_systeminfo_os":"Windows 10  (10.0.19045) 64bit","unity_systeminfo_graphicsDeviceType":"Direct3D11","unity_systeminfo_graphicsDeviceVendor":"Intel","unity_systeminfo_graphicsDeviceName":"Intel(R) HD Graphics 620","unity_systeminfo_deviceType":"Desktop","unity_systeminfo_processorType":"Intel(R) Core(TM) i3-7100U CPU @ 2.40GHz","type":"HomePage","scope":"HubWindow","data_context":"HubHomeViewModel"},"timestamp":"2025-02-06T10:47:52.2388537Z"}]}
[2025-02-06 오후 7:47:57] [Debug] [HubAnalytics] PosthogClient.BatchAsync: Sent 3 queue item(s).
[2025-02-06 오후 7:51:26] [Information] [Authentication] Request TraceId=fffd742d6b844d6cbfc5b3c6aa7eab8b, Uri=https://api.umodeler.com/resources/api/v1/packages/UModelerHub/version?branch=main
[2025-02-06 오후 7:51:27] [Information] [Authentication] Request TraceId=ca48d8143e76408b986121932ca1f4b2, Uri=https://api.umodeler.com/resources/api/v1/packages/UModelerX/version?branch=basic
[2025-02-06 오후 7:51:27] [Information] [Authentication] Request TraceId=7a95b8088871475e9c5b9e050df3d7ed, Uri=https://api.umodeler.com/resources/api/v1/packages/UModelerX/version?branch=plus
[2025-02-06 오후 7:51:28] [Information] [Authentication] Request TraceId=282d098cfcfa4b8eab885b69787c53ed, Uri=https://api.umodeler.com/identity/api/v1/hub/info
[2025-02-06 오후 7:51:28] [Information] [Authentication] Request TraceId=58d7dc0d8a5e4813a1ec4aa553ddef5d, Uri=https://api.umodeler.com/resources/api/v1/resources/user-resources?c=ko&current=1&pageSize=20
[2025-02-06 오후 8:10:51] [Debug] [Application] Release: isReloading=False
[2025-02-06 오후 8:10:51] [Debug] [Application] Service Release: Tripolygon.UModeler.Hub.Views.SceneViews.HubSceneViewService
[2025-02-06 오후 8:10:51] [Debug] [Application] Service Release: Tripolygon.UModeler.Hub.Noticies.NoticeService
[2025-02-06 오후 8:10:51] [Debug] [Application] Service Release: Tripolygon.UModeler.Hub.Notifications.UpdateProductNotifier
[2025-02-06 오후 8:10:51] [Debug] [Application] Service Release: Tripolygon.UModeler.Hub.Notifications.UpdateHubNotifier
[2025-02-06 오후 8:10:51] [Debug] [Application] Service Release: Tripolygon.UModeler.Hub.VSAttributionService
[2025-02-06 오후 8:10:51] [Debug] [HubAnalytics] OnAppEnd
[2025-02-06 오후 8:10:51] [Debug] [HubAnalytics] PosthogClient.SetAutoFlush: Value Changed: False
[2025-02-06 오후 8:10:51] [Debug] [HubAnalytics] PosthogClient.BatchAsync: Sending Queue Items={"api_key":"phc_DQ6tsN03HRXTr9hNBfi3DierOY5Y0SisUxgxjuAmZG5","batch":[{"event":"app end","properties":{"$set":{"sdk_region_id":"ko-KR","sdk_region_name":"South Korea","sdk_language":"Korean","sdk_os_architecture":"X64","sdk_time_zone":"Korea Standard Time","product_version":"1.0.1"},"$os":"WINDOWS","$os_name":"WINDOWS","$session_id":"c5449fea-5d5d-462e-9950-3362c345cee9_273e5a69-9c89-4207-80a5-6de699f77517","distinct_id":"a01092099573@gmail.com","product_name":"UModeler Hub","product_version":"1.0.1","platform_name":"Unity","platform_version":"6000.0.24f1","screen_width":1920,"screen_height":1080,"viewport_width":940,"viewport_height":573,"unity_systeminfo_language":"Korean","unity_systeminfo_os":"Windows 10  (10.0.19045) 64bit","unity_systeminfo_graphicsDeviceType":"Direct3D11","unity_systeminfo_graphicsDeviceVendor":"Intel","unity_systeminfo_graphicsDeviceName":"Intel(R) HD Graphics 620","unity_systeminfo_deviceType":"Desktop","unity_systeminfo_processorType":"Intel(R) Core(TM) i3-7100U CPU @ 2.40GHz"},"timestamp":"2025-02-06T11:10:51.7685811Z"}]}
[2025-02-06 오후 8:10:52] [Debug] [HubAnalytics] PosthogClient.BatchAsync: Sent 1 queue item(s).
[2025-02-06 오후 8:10:52] [Debug] [Application] Service Release: Tripolygon.UModeler.Hub.HubAnalyticsService
[2025-02-06 오후 8:10:52] [Debug] [Application] Service Release: Tripolygon.UModeler.Hub.HubFlashService
[2025-02-06 오후 8:10:52] [Debug] [Application] Service Release: Tripolygon.UModeler.Editor.UI.UnityEditorApplicationUtilityService
[2025-02-06 오후 8:10:52] [Debug] [Application] Service Release: Tripolygon.UModeler.Hub.HubService
[2025-02-06 오후 8:10:52] [Debug] [Application] Service Release: Tripolygon.UModeler.Editor.UI.UnityEditorApplicationCache
[2025-02-06 오후 8:10:52] [Debug] [Application] Service Release: Tripolygon.UModeler.Hub.HubAuthentication
[2025-02-06 오후 8:42:35] [Debug] [Application] service: Tripolygon.UModeler.Hub.HubAuthentication = Tripolygon.UModeler.Hub.HubAuthentication
[2025-02-06 오후 8:42:35] [Debug] [Application] service: Tripolygon.UModeler.UI.IApplicationCache = Tripolygon.UModeler.Editor.UI.UnityEditorApplicationCache
[2025-02-06 오후 8:42:35] [Debug] [Application] service: Tripolygon.UModeler.Hub.IHubService = Tripolygon.UModeler.Hub.HubService
[2025-02-06 오후 8:42:35] [Debug] [Application] service: Tripolygon.UModeler.Authentication.IAuthenticationApiProvider = Tripolygon.UModeler.Editor.AuthenticationApiProviderService
[2025-02-06 오후 8:42:35] [Debug] [Application] service: Tripolygon.UModeler.UI.ITextureProvider = Tripolygon.UModeler.Editor.UI.UnityEditorTextureProvider
[2025-02-06 오후 8:42:35] [Debug] [Application] service: Tripolygon.UModeler.UI.IObjectHierarchyService = Tripolygon.UModeler.Editor.UI.UnityEditorObjectHierarchyService
[2025-02-06 오후 8:42:35] [Debug] [Application] service: Tripolygon.UModeler.UI.IApplicationUtilityService = Tripolygon.UModeler.Editor.UI.UnityEditorApplicationUtilityService
[2025-02-06 오후 8:42:35] [Debug] [Application] service: Tripolygon.UModeler.Editor.UI.ApplicationSettings = Tripolygon.UModeler.Editor.UI.ApplicationSettings
[2025-02-06 오후 8:42:35] [Debug] [Application] service: Tripolygon.UModeler.Hub.Resources.IResourcesApiProvider = Tripolygon.UModeler.Hub.ResourcesApiProviderService
[2025-02-06 오후 8:42:35] [Debug] [Application] service: Tripolygon.UModeler.Hub.HubFlashService = Tripolygon.UModeler.Hub.HubFlashService
[2025-02-06 오후 8:42:35] [Debug] [Application] service: Tripolygon.UModeler.Hub.IHubAnalyticsService = Tripolygon.UModeler.Hub.HubAnalyticsService
[2025-02-06 오후 8:42:35] [Debug] [Application] service: Tripolygon.UModeler.Hub.VSAttributionService = Tripolygon.UModeler.Hub.VSAttributionService
[2025-02-06 오후 8:42:35] [Debug] [Application] service: Tripolygon.UModeler.Hub.Notifications.UpdateHubNotifier = Tripolygon.UModeler.Hub.Notifications.UpdateHubNotifier
[2025-02-06 오후 8:42:35] [Debug] [Application] service: Tripolygon.UModeler.Hub.Notifications.UpdateProductNotifier = Tripolygon.UModeler.Hub.Notifications.UpdateProductNotifier
[2025-02-06 오후 8:42:35] [Debug] [Application] service: Tripolygon.UModeler.Hub.INoticeService = Tripolygon.UModeler.Hub.Noticies.NoticeService
[2025-02-06 오후 8:42:35] [Debug] [Application] service: Tripolygon.UModeler.Hub.Views.SceneViews.HubSceneViewService = Tripolygon.UModeler.Hub.Views.SceneViews.HubSceneViewService
[2025-02-06 오후 8:42:43] [Debug] [Application] Initialize: isReloading=False
[2025-02-06 오후 8:42:44] [Information] [Authentication] Request TraceId=db602c3211f0461f9e85235dca1045cb, Uri=https://api.umodeler.com/identity/api/v1/auth/verify
[2025-02-06 오후 8:42:44] [Debug] [Application] Service Initialize: Tripolygon.UModeler.Hub.HubAuthentication
[2025-02-06 오후 8:42:44] [Debug] [Application] Service Initialize: Tripolygon.UModeler.Editor.UI.UnityEditorApplicationCache
[2025-02-06 오후 8:42:44] [Debug] [Application] Service Initialize: Tripolygon.UModeler.Hub.HubService
[2025-02-06 오후 8:42:44] [Debug] [Application] Service Initialize: Tripolygon.UModeler.Editor.UI.UnityEditorApplicationUtilityService
[2025-02-06 오후 8:42:44] [Debug] [Application] Service Initialize: Tripolygon.UModeler.Hub.HubFlashService
[2025-02-06 오후 8:42:44] [Debug] [HubAnalytics] PosthogClient.SetAutoFlush: Value Changed: True
[2025-02-06 오후 8:42:44] [Debug] [Application] Service Initialize: Tripolygon.UModeler.Hub.HubAnalyticsService
[2025-02-06 오후 8:42:44] [Debug] [Application] Service Initialize: Tripolygon.UModeler.Hub.VSAttributionService
[2025-02-06 오후 8:42:44] [Debug] [Application] Service Initialize: Tripolygon.UModeler.Hub.Notifications.UpdateHubNotifier
[2025-02-06 오후 8:42:44] [Debug] [Application] Service Initialize: Tripolygon.UModeler.Hub.Notifications.UpdateProductNotifier
[2025-02-06 오후 8:42:44] [Debug] [Application] Service Initialize: Tripolygon.UModeler.Hub.Noticies.NoticeService
[2025-02-06 오후 8:42:44] [Debug] [Application] Service Initialize: Tripolygon.UModeler.Hub.Views.SceneViews.HubSceneViewService
[2025-02-06 오후 8:43:08] [Debug] [HubAnalytics] OnAppStart
[2025-02-06 오후 8:43:08] [Debug] [Authentication] SignedIn
[2025-02-06 오후 8:43:08] [Information] [Authentication] Request TraceId=724acf2820b04beb924c9d3b186fe1b4, Uri=https://api.umodeler.com/resources/api/v1/packages/UModelerHub/version?branch=main
[2025-02-06 오후 8:43:08] [Debug] [HubAnalytics] OnSignIn
[2025-02-06 오후 8:43:08] [Information] [Authentication] Request TraceId=59766651a8154fd488ec9cc0115e8a96, Uri=https://api.umodeler.com/resources/api/v1/packages/UModelerX/version?branch=basic
[2025-02-06 오후 8:43:09] [Information] [Authentication] Request TraceId=0e70e4ced9264f6184e4e90eed93f87c, Uri=https://api.umodeler.com/resources/api/v1/packages/UModelerX/version?branch=plus
[2025-02-06 오후 8:43:10] [Information] [Authentication] Request TraceId=5c32154bd5024f1ea260a267dd890acc, Uri=https://api.umodeler.com/identity/api/v1/hub/info
[2025-02-06 오후 8:43:10] [Information] [Authentication] Request TraceId=8509ecb698244e8e907f32da6e24861d, Uri=https://api.umodeler.com/resources/api/v1/resources/user-resources?c=ko&current=1&pageSize=20
[2025-02-06 오후 8:43:11] [Warning] Please rename Method 'Tripolygon.UModeler.Hub.Notification.OnPropertyValidate' to 'OnMessagePropertyValidate'.
[2025-02-06 오후 8:43:11] [Warning] Please rename Method 'Tripolygon.UModeler.Hub.Notification.OnPropertyValidate' to 'OnIDPropertyValidate'.
[2025-02-06 오후 8:43:11] [Warning] Please rename Method 'Tripolygon.UModeler.Hub.Notification.OnPropertyValidate' to 'OnTagPropertyValidate'.
[2025-02-06 오후 8:43:11] [Warning] Please rename Method 'Tripolygon.UModeler.Hub.Notification.OnPropertyValidate' to 'OnIsDisplayableAgainPropertyValidate'.
[2025-02-06 오후 8:43:14] [Debug] [HubAnalytics] PosthogClient.BatchAsync: Sending Queue Items={"api_key":"phc_DQ6tsN03HRXTr9hNBfi3DierOY5Y0SisUxgxjuAmZG5","batch":[{"event":"app start","properties":{"$set":{"sdk_region_id":"ko-KR","sdk_region_name":"South Korea","sdk_language":"Korean","sdk_os_architecture":"X64","sdk_time_zone":"Korea Standard Time","product_version":"1.0.1","platform_account_id":"anonymous","platform_account_name":"Aw/C3i46VpQjq6OG/Yi/8u2awm8e0fZGeB6BQIxwXFtxwIiZ/IB4QLLZXr0IxzPkc50P0FGzQ7HA3ctB0CQUt04tmznbmCncMfbsCoqzMkNJgIML6RFA6B77HKcaY00jBu3gir71AIuj54AXJm3IUjT+ccSqudvosnCD3TftRDQN4wqN9RTtRcrIUek5mel+by/TKXBPi3Oa9GH/T0uRxy6t0LdLHefhGIlaW+dJSh47FJvKgl1BKZ0H+EjGWTg519U5doCcndhIyS0qRFQnjYC7nazk/6aTYNsOwcxmrfykF99A/bYA2nzh8CM08qRlBsgtp8iE/03Y+7QkdHfdOg=="},"$os":"WINDOWS","$os_name":"WINDOWS","$session_id":"f116a3c9-f215-4229-b9a6-30d58fd418e1_ea458818-eafa-4c04-b8b9-bd71e58a1739","distinct_id":"3233827edcb867f6b4b10f2975c364aa3e4bef21","product_name":"UModeler Hub","product_version":"1.0.1","platform_name":"Unity","platform_version":"6000.0.24f1","screen_width":1920,"screen_height":1080,"viewport_width":1413,"viewport_height":333,"unity_systeminfo_language":"Korean","unity_systeminfo_os":"Windows 10  (10.0.19045) 64bit","unity_systeminfo_graphicsDeviceType":"Direct3D11","unity_systeminfo_graphicsDeviceVendor":"Intel","unity_systeminfo_graphicsDeviceName":"Intel(R) HD Graphics 620","unity_systeminfo_deviceType":"Desktop","unity_systeminfo_processorType":"Intel(R) Core(TM) i3-7100U CPU @ 2.40GHz"},"timestamp":"2025-02-06T11:43:08.2355309Z"},{"event":"signin","properties":{"$set":{"sdk_region_id":"ko-KR","sdk_region_name":"South Korea","sdk_language":"Korean","sdk_os_architecture":"X64","sdk_time_zone":"Korea Standard Time","product_version":"1.0.1","product_user_email":"a01092099573@gmail.com"},"$os":"WINDOWS","$os_name":"WINDOWS","$session_id":"f116a3c9-f215-4229-b9a6-30d58fd418e1_ea458818-eafa-4c04-b8b9-bd71e58a1739","distinct_id":"a01092099573@gmail.com","product_name":"UModeler Hub","product_version":"1.0.1","platform_name":"Unity","platform_version":"6000.0.24f1","screen_width":1920,"screen_height":1080,"viewport_width":1413,"viewport_height":333,"unity_systeminfo_language":"Korean","unity_systeminfo_os":"Windows 10  (10.0.19045) 64bit","unity_systeminfo_graphicsDeviceType":"Direct3D11","unity_systeminfo_graphicsDeviceVendor":"Intel","unity_systeminfo_graphicsDeviceName":"Intel(R) HD Graphics 620","unity_systeminfo_deviceType":"Desktop","unity_systeminfo_processorType":"Intel(R) Core(TM) i3-7100U CPU @ 2.40GHz"},"timestamp":"2025-02-06T11:43:08.342246Z"},{"event":"$identify","properties":{"$set":{"sdk_region_id":"ko-KR","sdk_region_name":"South Korea","sdk_language":"Korean","sdk_os_architecture":"X64","sdk_time_zone":"Korea Standard Time","product_version":"1.0.1"},"$os":"WINDOWS","$os_name":"WINDOWS","$session_id":"f116a3c9-f215-4229-b9a6-30d58fd418e1_ea458818-eafa-4c04-b8b9-bd71e58a1739","distinct_id":"a01092099573@gmail.com","product_name":"UModeler Hub","product_version":"1.0.1","platform_name":"Unity","platform_version":"6000.0.24f1","screen_width":1920,"screen_height":1080,"viewport_width":1413,"viewport_height":333,"unity_systeminfo_language":"Korean","unity_systeminfo_os":"Windows 10  (10.0.19045) 64bit","unity_systeminfo_graphicsDeviceType":"Direct3D11","unity_systeminfo_graphicsDeviceVendor":"Intel","unity_systeminfo_graphicsDeviceName":"Intel(R) HD Graphics 620","unity_systeminfo_deviceType":"Desktop","unity_systeminfo_processorType":"Intel(R) Core(TM) i3-7100U CPU @ 2.40GHz"},"timestamp":"2025-02-06T11:43:08.343243Z"}]}
[2025-02-06 오후 8:43:14] [Debug] [HubAnalytics] PosthogClient.BatchAsync: Sent 3 queue item(s).
[2025-02-06 오후 8:57:01] [Debug] [Application] Release: isReloading=False
[2025-02-06 오후 8:57:01] [Debug] [Application] Service Release: Tripolygon.UModeler.Hub.Views.SceneViews.HubSceneViewService
[2025-02-06 오후 8:57:01] [Debug] [Application] Service Release: Tripolygon.UModeler.Hub.Noticies.NoticeService
[2025-02-06 오후 8:57:01] [Debug] [Application] Service Release: Tripolygon.UModeler.Hub.Notifications.UpdateProductNotifier
[2025-02-06 오후 8:57:01] [Debug] [Application] Service Release: Tripolygon.UModeler.Hub.Notifications.UpdateHubNotifier
[2025-02-06 오후 8:57:01] [Debug] [Application] Service Release: Tripolygon.UModeler.Hub.VSAttributionService
[2025-02-06 오후 8:57:01] [Debug] [HubAnalytics] OnAppEnd
[2025-02-06 오후 8:57:01] [Debug] [HubAnalytics] PosthogClient.SetAutoFlush: Value Changed: False
[2025-02-06 오후 8:57:01] [Debug] [HubAnalytics] PosthogClient.BatchAsync: Sending Queue Items={"api_key":"phc_DQ6tsN03HRXTr9hNBfi3DierOY5Y0SisUxgxjuAmZG5","batch":[{"event":"app end","properties":{"$set":{"sdk_region_id":"ko-KR","sdk_region_name":"South Korea","sdk_language":"Korean","sdk_os_architecture":"X64","sdk_time_zone":"Korea Standard Time","product_version":"1.0.1"},"$os":"WINDOWS","$os_name":"WINDOWS","$session_id":"f116a3c9-f215-4229-b9a6-30d58fd418e1_ea458818-eafa-4c04-b8b9-bd71e58a1739","distinct_id":"a01092099573@gmail.com","product_name":"UModeler Hub","product_version":"1.0.1","platform_name":"Unity","platform_version":"6000.0.24f1","screen_width":1920,"screen_height":1080,"viewport_width":1413,"viewport_height":333,"unity_systeminfo_language":"Korean","unity_systeminfo_os":"Windows 10  (10.0.19045) 64bit","unity_systeminfo_graphicsDeviceType":"Direct3D11","unity_systeminfo_graphicsDeviceVendor":"Intel","unity_systeminfo_graphicsDeviceName":"Intel(R) HD Graphics 620","unity_systeminfo_deviceType":"Desktop","unity_systeminfo_processorType":"Intel(R) Core(TM) i3-7100U CPU @ 2.40GHz"},"timestamp":"2025-02-06T11:57:01.4439753Z"}]}
[2025-02-06 오후 8:57:01] [Debug] [HubAnalytics] PosthogClient.BatchAsync: Sent 1 queue item(s).
[2025-02-06 오후 8:57:01] [Debug] [Application] Service Release: Tripolygon.UModeler.Hub.HubAnalyticsService
[2025-02-06 오후 8:57:01] [Debug] [Application] Service Release: Tripolygon.UModeler.Hub.HubFlashService
[2025-02-06 오후 8:57:01] [Debug] [Application] Service Release: Tripolygon.UModeler.Editor.UI.UnityEditorApplicationUtilityService
[2025-02-06 오후 8:57:01] [Debug] [Application] Service Release: Tripolygon.UModeler.Hub.HubService
[2025-02-06 오후 8:57:01] [Debug] [Application] Service Release: Tripolygon.UModeler.Editor.UI.UnityEditorApplicationCache
[2025-02-06 오후 8:57:01] [Debug] [Application] Service Release: Tripolygon.UModeler.Hub.HubAuthentication
